phase I result:  51X61
[1 -31 -78 -0 3 69 59 -3 -3 85 83 0 0 0 0 0 0 0 0 0 0 0 0 0 0 0 0 0 0 0 0 0 0 0 0 0 0 0 0 0 0 0 0 0 0 0 0 0 0 0 0 0 0 0 0 0 0 0 0 0 0 ] 0
[0 -59 -50 30 27 43 45 -53 3 -17 -88 1 0 0 0 0 0 0 0 0 0 0 0 0 0 0 0 0 0 0 0 0 0 0 0 0 0 0 0 0 0 0 0 0 0 0 0 0 0 0 0 0 0 0 0 0 0 0 0 0 0 ] 51016
[0 -41 -83 -15 -22 -48 -87 30 -60 -71 80 0 1 0 0 0 0 0 0 0 0 0 0 0 0 0 0 0 0 0 0 0 0 0 0 0 0 0 0 0 0 0 0 0 0 0 0 0 0 0 0 0 0 0 0 0 0 0 0 0 0 ] 99982
[0 33 77 47 4 -20 -76 32 49 -40 69 0 0 1 0 0 0 0 0 0 0 0 0 0 0 0 0 0 0 0 0 0 0 0 0 0 0 0 0 0 0 0 0 0 0 0 0 0 0 0 0 0 0 0 0 0 0 0 0 0 0 ] 14174
[0 83 -20 -76 -19 -70 -13 -31 -71 -12 16 0 0 0 1 0 0 0 0 0 0 0 0 0 0 0 0 0 0 0 0 0 0 0 0 0 0 0 0 0 0 0 0 0 0 0 0 0 0 0 0 0 0 0 0 0 0 0 0 0 0 ] 57843
[0 -48 -15 95 13 79 -67 -62 7 -79 72 0 0 0 0 1 0 0 0 0 0 0 0 0 0 0 0 0 0 0 0 0 0 0 0 0 0 0 0 0 0 0 0 0 0 0 0 0 0 0 0 0 0 0 0 0 0 0 0 0 0 ] 44320
[0 34 49 17 -23 19 -89 -80 -49 78 -44 0 0 0 0 0 1 0 0 0 0 0 0 0 0 0 0 0 0 0 0 0 0 0 0 0 0 0 0 0 0 0 0 0 0 0 0 0 0 0 0 0 0 0 0 0 0 0 0 0 0 ] 25083
[0 -3 19 -12 -83 -50 -40 -48 70 52 39 0 0 0 0 0 0 1 0 0 0 0 0 0 0 0 0 0 0 0 0 0 0 0 0 0 0 0 0 0 0 0 0 0 0 0 0 0 0 0 0 0 0 0 0 0 0 0 0 0 0 ] 10131
[0 46 92 47 -90 -94 85 14 -64 72 -72 0 0 0 0 0 0 0 1 0 0 0 0 0 0 0 0 0 0 0 0 0 0 0 0 0 0 0 0 0 0 0 0 0 0 0 0 0 0 0 0 0 0 0 0 0 0 0 0 0 0 ] 64471
[0 -65 55 74 5 85 2 -7 -50 12 11 0 0 0 0 0 0 0 0 1 0 0 0 0 0 0 0 0 0 0 0 0 0 0 0 0 0 0 0 0 0 0 0 0 0 0 0 0 0 0 0 0 0 0 0 0 0 0 0 0 0 ] 62363
[0 24 19 62 72 31 -17 -47 -12 5 83 0 0 0 0 0 0 0 0 0 1 0 0 0 0 0 0 0 0 0 0 0 0 0 0 0 0 0 0 0 0 0 0 0 0 0 0 0 0 0 0 0 0 0 0 0 0 0 0 0 0 ] 7828
[0 87 -17 -26 -10 97 61 -54 72 94 -48 0 0 0 0 0 0 0 0 0 0 1 0 0 0 0 0 0 0 0 0 0 0 0 0 0 0 0 0 0 0 0 0 0 0 0 0 0 0 0 0 0 0 0 0 0 0 0 0 0 0 ] 7023
[0 6 0 -54 -39 -62 -77 -34 0 86 -8 0 0 0 0 0 0 0 0 0 0 0 1 0 0 0 0 0 0 0 0 0 0 0 0 0 0 0 0 0 0 0 0 0 0 0 0 0 0 0 0 0 0 0 0 0 0 0 0 0 0 ] 72151
[0 40 35 -57 -86 3 97 23 32 -90 -32 0 0 0 0 0 0 0 0 0 0 0 0 1 0 0 0 0 0 0 0 0 0 0 0 0 0 0 0 0 0 0 0 0 0 0 0 0 0 0 0 0 0 0 0 0 0 0 0 0 0 ] 7548
[0 -6 -21 12 70 -96 63 -97 52 -98 -38 0 0 0 0 0 0 0 0 0 0 0 0 0 1 0 0 0 0 0 0 0 0 0 0 0 0 0 0 0 0 0 0 0 0 0 0 0 0 0 0 0 0 0 0 0 0 0 0 0 0 ] 70350
[0 -50 77 -84 -90 15 36 -43 -69 -51 -62 0 0 0 0 0 0 0 0 0 0 0 0 0 0 1 0 0 0 0 0 0 0 0 0 0 0 0 0 0 0 0 0 0 0 0 0 0 0 0 0 0 0 0 0 0 0 0 0 0 0 ] 56575
[0 -81 17 72 32 2 45 29 13 -23 69 0 0 0 0 0 0 0 0 0 0 0 0 0 0 0 1 0 0 0 0 0 0 0 0 0 0 0 0 0 0 0 0 0 0 0 0 0 0 0 0 0 0 0 0 0 0 0 0 0 0 ] 73794
[0 2 -93 47 -2 64 -69 24 -70 98 68 0 0 0 0 0 0 0 0 0 0 0 0 0 0 0 0 1 0 0 0 0 0 0 0 0 0 0 0 0 0 0 0 0 0 0 0 0 0 0 0 0 0 0 0 0 0 0 0 0 0 ] 2049
[0 83 -36 41 -67 27 -15 82 67 77 -45 0 0 0 0 0 0 0 0 0 0 0 0 0 0 0 0 0 1 0 0 0 0 0 0 0 0 0 0 0 0 0 0 0 0 0 0 0 0 0 0 0 0 0 0 0 0 0 0 0 0 ] 84372
[0 70 41 41 26 86 -15 30 13 85 7 0 0 0 0 0 0 0 0 0 0 0 0 0 0 0 0 0 0 1 0 0 0 0 0 0 0 0 0 0 0 0 0 0 0 0 0 0 0 0 0 0 0 0 0 0 0 0 0 0 0 ] 40650
[0 -30 84 -14 17 -51 -3 45 60 4 -87 0 0 0 0 0 0 0 0 0 0 0 0 0 0 0 0 0 0 0 1 0 0 0 0 0 0 0 0 0 0 0 0 0 0 0 0 0 0 0 0 0 0 0 0 0 0 0 0 0 0 ] 31433
[0 80 -76 -5 -27 44 24 -74 32 81 -10 0 0 0 0 0 0 0 0 0 0 0 0 0 0 0 0 0 0 0 0 1 0 0 0 0 0 0 0 0 0 0 0 0 0 0 0 0 0 0 0 0 0 0 0 0 0 0 0 0 0 ] 80914
[0 65 45 -77 -71 -21 39 -44 65 -54 -54 0 0 0 0 0 0 0 0 0 0 0 0 0 0 0 0 0 0 0 0 0 1 0 0 0 0 0 0 0 0 0 0 0 0 0 0 0 0 0 0 0 0 0 0 0 0 0 0 0 0 ] 49154
[0 -48 -22 86 47 -84 -64 -39 38 45 -5 0 0 0 0 0 0 0 0 0 0 0 0 0 0 0 0 0 0 0 0 0 0 1 0 0 0 0 0 0 0 0 0 0 0 0 0 0 0 0 0 0 0 0 0 0 0 0 0 0 0 ] 9996
[0 35 68 -66 7 34 -20 59 -66 74 -52 0 0 0 0 0 0 0 0 0 0 0 0 0 0 0 0 0 0 0 0 0 0 0 1 0 0 0 0 0 0 0 0 0 0 0 0 0 0 0 0 0 0 0 0 0 0 0 0 0 0 ] 51663
[0 19 100 2 -15 59 71 93 5 98 -67 0 0 0 0 0 0 0 0 0 0 0 0 0 0 0 0 0 0 0 0 0 0 0 0 1 0 0 0 0 0 0 0 0 0 0 0 0 0 0 0 0 0 0 0 0 0 0 0 0 0 ] 1566
[0 8 43 24 89 11 -63 -13 -9 -11 81 0 0 0 0 0 0 0 0 0 0 0 0 0 0 0 0 0 0 0 0 0 0 0 0 0 1 0 0 0 0 0 0 0 0 0 0 0 0 0 0 0 0 0 0 0 0 0 0 0 0 ] 5155
[0 -75 -52 -25 -39 60 6 65 26 -10 100 0 0 0 0 0 0 0 0 0 0 0 0 0 0 0 0 0 0 0 0 0 0 0 0 0 0 1 0 0 0 0 0 0 0 0 0 0 0 0 0 0 0 0 0 0 0 0 0 0 0 ] 48056
[0 59 84 23 -16 71 -48 81 -36 77 -31 0 0 0 0 0 0 0 0 0 0 0 0 0 0 0 0 0 0 0 0 0 0 0 0 0 0 0 1 0 0 0 0 0 0 0 0 0 0 0 0 0 0 0 0 0 0 0 0 0 0 ] 64842
[0 57 -72 76 33 4 -62 -20 5 -37 -52 0 0 0 0 0 0 0 0 0 0 0 0 0 0 0 0 0 0 0 0 0 0 0 0 0 0 0 0 1 0 0 0 0 0 0 0 0 0 0 0 0 0 0 0 0 0 0 0 0 0 ] 92975
[0 9 25 -28 51 67 -59 20 -99 -80 70 0 0 0 0 0 0 0 0 0 0 0 0 0 0 0 0 0 0 0 0 0 0 0 0 0 0 0 0 0 1 0 0 0 0 0 0 0 0 0 0 0 0 0 0 0 0 0 0 0 0 ] 9393
[0 20 99 20 -68 8 4 -66 -57 -93 -27 0 0 0 0 0 0 0 0 0 0 0 0 0 0 0 0 0 0 0 0 0 0 0 0 0 0 0 0 0 0 1 0 0 0 0 0 0 0 0 0 0 0 0 0 0 0 0 0 0 0 ] 41162
[0 -8 72 20 78 -20 37 -100 -62 -52 -51 0 0 0 0 0 0 0 0 0 0 0 0 0 0 0 0 0 0 0 0 0 0 0 0 0 0 0 0 0 0 0 1 0 0 0 0 0 0 0 0 0 0 0 0 0 0 0 0 0 0 ] 14211
[0 11 -27 61 1 -3 -57 -3 71 40 -2 0 0 0 0 0 0 0 0 0 0 0 0 0 0 0 0 0 0 0 0 0 0 0 0 0 0 0 0 0 0 0 0 1 0 0 0 0 0 0 0 0 0 0 0 0 0 0 0 0 0 ] 19592
[0 -20 -68 -58 -21 91 80 -56 -5 -86 69 0 0 0 0 0 0 0 0 0 0 0 0 0 0 0 0 0 0 0 0 0 0 0 0 0 0 0 0 0 0 0 0 0 1 0 0 0 0 0 0 0 0 0 0 0 0 0 0 0 0 ] 51438
[0 -66 -32 -97 -77 -54 -82 -30 -41 -32 -78 0 0 0 0 0 0 0 0 0 0 0 0 0 0 0 0 0 0 0 0 0 0 0 0 0 0 0 0 0 0 0 0 0 0 1 0 0 0 0 0 0 0 0 0 0 0 0 0 0 0 ] 90316
[0 -76 -21 62 68 -74 -58 77 12 13 -59 0 0 0 0 0 0 0 0 0 0 0 0 0 0 0 0 0 0 0 0 0 0 0 0 0 0 0 0 0 0 0 0 0 0 0 1 0 0 0 0 0 0 0 0 0 0 0 0 0 0 ] 99929
[0 42 22 51 -19 -47 -83 -75 61 -25 98 0 0 0 0 0 0 0 0 0 0 0 0 0 0 0 0 0 0 0 0 0 0 0 0 0 0 0 0 0 0 0 0 0 0 0 0 1 0 0 0 0 0 0 0 0 0 0 0 0 0 ] 87710
[0 60 -6 4 -72 -93 19 -89 75 69 -35 0 0 0 0 0 0 0 0 0 0 0 0 0 0 0 0 0 0 0 0 0 0 0 0 0 0 0 0 0 0 0 0 0 0 0 0 0 1 0 0 0 0 0 0 0 0 0 0 0 0 ] 77561
[0 -94 -56 38 -94 -18 8 18 -9 -38 -64 0 0 0 0 0 0 0 0 0 0 0 0 0 0 0 0 0 0 0 0 0 0 0 0 0 0 0 0 0 0 0 0 0 0 0 0 0 0 1 0 0 0 0 0 0 0 0 0 0 0 ] 64213
[0 -22 -81 -48 -40 -71 -47 -1 2 -8 -5 0 0 0 0 0 0 0 0 0 0 0 0 0 0 0 0 0 0 0 0 0 0 0 0 0 0 0 0 0 0 0 0 0 0 0 0 0 0 0 1 0 0 0 0 0 0 0 0 0 0 ] 15688
[0 30 -22 -95 -55 30 51 -45 49 -2 39 0 0 0 0 0 0 0 0 0 0 0 0 0 0 0 0 0 0 0 0 0 0 0 0 0 0 0 0 0 0 0 0 0 0 0 0 0 0 0 0 1 0 0 0 0 0 0 0 0 0 ] 50575
[0 -47 -12 92 91 -77 79 -68 82 11 -68 0 0 0 0 0 0 0 0 0 0 0 0 0 0 0 0 0 0 0 0 0 0 0 0 0 0 0 0 0 0 0 0 0 0 0 0 0 0 0 0 0 1 0 0 0 0 0 0 0 0 ] 20728
[0 65 16 12 14 77 -72 0 -64 78 36 0 0 0 0 0 0 0 0 0 0 0 0 0 0 0 0 0 0 0 0 0 0 0 0 0 0 0 0 0 0 0 0 0 0 0 0 0 0 0 0 0 0 1 0 0 0 0 0 0 0 ] 20983
[0 -42 6 81 -78 10 61 34 -49 -39 -70 0 0 0 0 0 0 0 0 0 0 0 0 0 0 0 0 0 0 0 0 0 0 0 0 0 0 0 0 0 0 0 0 0 0 0 0 0 0 0 0 0 0 0 1 0 0 0 0 0 0 ] 47587
[0 -15 67 -66 11 -64 -5 12 -75 -8 57 0 0 0 0 0 0 0 0 0 0 0 0 0 0 0 0 0 0 0 0 0 0 0 0 0 0 0 0 0 0 0 0 0 0 0 0 0 0 0 0 0 0 0 0 1 0 0 0 0 0 ] 49985
[0 25 38 -55 -94 -46 96 -3 18 -11 -26 0 0 0 0 0 0 0 0 0 0 0 0 0 0 0 0 0 0 0 0 0 0 0 0 0 0 0 0 0 0 0 0 0 0 0 0 0 0 0 0 0 0 0 0 0 1 0 0 0 0 ] 63895
[0 -78 53 -88 18 35 18 -50 38 56 71 0 0 0 0 0 0 0 0 0 0 0 0 0 0 0 0 0 0 0 0 0 0 0 0 0 0 0 0 0 0 0 0 0 0 0 0 0 0 0 0 0 0 0 0 0 0 1 0 0 0 ] 90903
[0 -83 -78 -80 12 41 17 -36 93 -27 50 0 0 0 0 0 0 0 0 0 0 0 0 0 0 0 0 0 0 0 0 0 0 0 0 0 0 0 0 0 0 0 0 0 0 0 0 0 0 0 0 0 0 0 0 0 0 0 1 0 0 ] 66983
[0 -49 -97 -82 -85 38 6 93 -2 30 -74 0 0 0 0 0 0 0 0 0 0 0 0 0 0 0 0 0 0 0 0 0 0 0 0 0 0 0 0 0 0 0 0 0 0 0 0 0 0 0 0 0 0 0 0 0 0 0 0 1 0 ] 35780
[0 -61 -46 -6 87 -2 37 -87 -91 -34 70 0 0 0 0 0 0 0 0 0 0 0 0 0 0 0 0 0 0 0 0 0 0 0 0 0 0 0 0 0 0 0 0 0 0 0 0 0 0 0 0 0 0 0 0 0 0 0 0 0 1 ] 56684
newB.size()-n=1, n=50

SimplexSolve round 1:
 A b: 51X61
[1 -31 -78 -0 3 69 59 -3 -3 85 83 0 0 0 0 0 0 0 0 0 0 0 0 0 0 0 0 0 0 0 0 0 0 0 0 0 0 0 0 0 0 0 0 0 0 0 0 0 0 0 0 0 0 0 0 0 0 0 0 0 0 ] 0
[0 -59 -50 30 27 43 45 -53 3 -17 -88 1 0 0 0 0 0 0 0 0 0 0 0 0 0 0 0 0 0 0 0 0 0 0 0 0 0 0 0 0 0 0 0 0 0 0 0 0 0 0 0 0 0 0 0 0 0 0 0 0 0 ] 51016
[0 -41 -83 -15 -22 -48 -87 30 -60 -71 80 0 1 0 0 0 0 0 0 0 0 0 0 0 0 0 0 0 0 0 0 0 0 0 0 0 0 0 0 0 0 0 0 0 0 0 0 0 0 0 0 0 0 0 0 0 0 0 0 0 0 ] 99982
[0 33 77 47 4 -20 -76 32 49 -40 69 0 0 1 0 0 0 0 0 0 0 0 0 0 0 0 0 0 0 0 0 0 0 0 0 0 0 0 0 0 0 0 0 0 0 0 0 0 0 0 0 0 0 0 0 0 0 0 0 0 0 ] 14174
[0 83 -20 -76 -19 -70 -13 -31 -71 -12 16 0 0 0 1 0 0 0 0 0 0 0 0 0 0 0 0 0 0 0 0 0 0 0 0 0 0 0 0 0 0 0 0 0 0 0 0 0 0 0 0 0 0 0 0 0 0 0 0 0 0 ] 57843
[0 -48 -15 95 13 79 -67 -62 7 -79 72 0 0 0 0 1 0 0 0 0 0 0 0 0 0 0 0 0 0 0 0 0 0 0 0 0 0 0 0 0 0 0 0 0 0 0 0 0 0 0 0 0 0 0 0 0 0 0 0 0 0 ] 44320
[0 34 49 17 -23 19 -89 -80 -49 78 -44 0 0 0 0 0 1 0 0 0 0 0 0 0 0 0 0 0 0 0 0 0 0 0 0 0 0 0 0 0 0 0 0 0 0 0 0 0 0 0 0 0 0 0 0 0 0 0 0 0 0 ] 25083
[0 -3 19 -12 -83 -50 -40 -48 70 52 39 0 0 0 0 0 0 1 0 0 0 0 0 0 0 0 0 0 0 0 0 0 0 0 0 0 0 0 0 0 0 0 0 0 0 0 0 0 0 0 0 0 0 0 0 0 0 0 0 0 0 ] 10131
[0 46 92 47 -90 -94 85 14 -64 72 -72 0 0 0 0 0 0 0 1 0 0 0 0 0 0 0 0 0 0 0 0 0 0 0 0 0 0 0 0 0 0 0 0 0 0 0 0 0 0 0 0 0 0 0 0 0 0 0 0 0 0 ] 64471
[0 -65 55 74 5 85 2 -7 -50 12 11 0 0 0 0 0 0 0 0 1 0 0 0 0 0 0 0 0 0 0 0 0 0 0 0 0 0 0 0 0 0 0 0 0 0 0 0 0 0 0 0 0 0 0 0 0 0 0 0 0 0 ] 62363
[0 24 19 62 72 31 -17 -47 -12 5 83 0 0 0 0 0 0 0 0 0 1 0 0 0 0 0 0 0 0 0 0 0 0 0 0 0 0 0 0 0 0 0 0 0 0 0 0 0 0 0 0 0 0 0 0 0 0 0 0 0 0 ] 7828
[0 87 -17 -26 -10 97 61 -54 72 94 -48 0 0 0 0 0 0 0 0 0 0 1 0 0 0 0 0 0 0 0 0 0 0 0 0 0 0 0 0 0 0 0 0 0 0 0 0 0 0 0 0 0 0 0 0 0 0 0 0 0 0 ] 7023
[0 6 0 -54 -39 -62 -77 -34 0 86 -8 0 0 0 0 0 0 0 0 0 0 0 1 0 0 0 0 0 0 0 0 0 0 0 0 0 0 0 0 0 0 0 0 0 0 0 0 0 0 0 0 0 0 0 0 0 0 0 0 0 0 ] 72151
[0 40 35 -57 -86 3 97 23 32 -90 -32 0 0 0 0 0 0 0 0 0 0 0 0 1 0 0 0 0 0 0 0 0 0 0 0 0 0 0 0 0 0 0 0 0 0 0 0 0 0 0 0 0 0 0 0 0 0 0 0 0 0 ] 7548
[0 -6 -21 12 70 -96 63 -97 52 -98 -38 0 0 0 0 0 0 0 0 0 0 0 0 0 1 0 0 0 0 0 0 0 0 0 0 0 0 0 0 0 0 0 0 0 0 0 0 0 0 0 0 0 0 0 0 0 0 0 0 0 0 ] 70350
[0 -50 77 -84 -90 15 36 -43 -69 -51 -62 0 0 0 0 0 0 0 0 0 0 0 0 0 0 1 0 0 0 0 0 0 0 0 0 0 0 0 0 0 0 0 0 0 0 0 0 0 0 0 0 0 0 0 0 0 0 0 0 0 0 ] 56575
[0 -81 17 72 32 2 45 29 13 -23 69 0 0 0 0 0 0 0 0 0 0 0 0 0 0 0 1 0 0 0 0 0 0 0 0 0 0 0 0 0 0 0 0 0 0 0 0 0 0 0 0 0 0 0 0 0 0 0 0 0 0 ] 73794
[0 2 -93 47 -2 64 -69 24 -70 98 68 0 0 0 0 0 0 0 0 0 0 0 0 0 0 0 0 1 0 0 0 0 0 0 0 0 0 0 0 0 0 0 0 0 0 0 0 0 0 0 0 0 0 0 0 0 0 0 0 0 0 ] 2049
[0 83 -36 41 -67 27 -15 82 67 77 -45 0 0 0 0 0 0 0 0 0 0 0 0 0 0 0 0 0 1 0 0 0 0 0 0 0 0 0 0 0 0 0 0 0 0 0 0 0 0 0 0 0 0 0 0 0 0 0 0 0 0 ] 84372
[0 70 41 41 26 86 -15 30 13 85 7 0 0 0 0 0 0 0 0 0 0 0 0 0 0 0 0 0 0 1 0 0 0 0 0 0 0 0 0 0 0 0 0 0 0 0 0 0 0 0 0 0 0 0 0 0 0 0 0 0 0 ] 40650
[0 -30 84 -14 17 -51 -3 45 60 4 -87 0 0 0 0 0 0 0 0 0 0 0 0 0 0 0 0 0 0 0 1 0 0 0 0 0 0 0 0 0 0 0 0 0 0 0 0 0 0 0 0 0 0 0 0 0 0 0 0 0 0 ] 31433
[0 80 -76 -5 -27 44 24 -74 32 81 -10 0 0 0 0 0 0 0 0 0 0 0 0 0 0 0 0 0 0 0 0 1 0 0 0 0 0 0 0 0 0 0 0 0 0 0 0 0 0 0 0 0 0 0 0 0 0 0 0 0 0 ] 80914
[0 65 45 -77 -71 -21 39 -44 65 -54 -54 0 0 0 0 0 0 0 0 0 0 0 0 0 0 0 0 0 0 0 0 0 1 0 0 0 0 0 0 0 0 0 0 0 0 0 0 0 0 0 0 0 0 0 0 0 0 0 0 0 0 ] 49154
[0 -48 -22 86 47 -84 -64 -39 38 45 -5 0 0 0 0 0 0 0 0 0 0 0 0 0 0 0 0 0 0 0 0 0 0 1 0 0 0 0 0 0 0 0 0 0 0 0 0 0 0 0 0 0 0 0 0 0 0 0 0 0 0 ] 9996
[0 35 68 -66 7 34 -20 59 -66 74 -52 0 0 0 0 0 0 0 0 0 0 0 0 0 0 0 0 0 0 0 0 0 0 0 1 0 0 0 0 0 0 0 0 0 0 0 0 0 0 0 0 0 0 0 0 0 0 0 0 0 0 ] 51663
[0 19 100 2 -15 59 71 93 5 98 -67 0 0 0 0 0 0 0 0 0 0 0 0 0 0 0 0 0 0 0 0 0 0 0 0 1 0 0 0 0 0 0 0 0 0 0 0 0 0 0 0 0 0 0 0 0 0 0 0 0 0 ] 1566
[0 8 43 24 89 11 -63 -13 -9 -11 81 0 0 0 0 0 0 0 0 0 0 0 0 0 0 0 0 0 0 0 0 0 0 0 0 0 1 0 0 0 0 0 0 0 0 0 0 0 0 0 0 0 0 0 0 0 0 0 0 0 0 ] 5155
[0 -75 -52 -25 -39 60 6 65 26 -10 100 0 0 0 0 0 0 0 0 0 0 0 0 0 0 0 0 0 0 0 0 0 0 0 0 0 0 1 0 0 0 0 0 0 0 0 0 0 0 0 0 0 0 0 0 0 0 0 0 0 0 ] 48056
[0 59 84 23 -16 71 -48 81 -36 77 -31 0 0 0 0 0 0 0 0 0 0 0 0 0 0 0 0 0 0 0 0 0 0 0 0 0 0 0 1 0 0 0 0 0 0 0 0 0 0 0 0 0 0 0 0 0 0 0 0 0 0 ] 64842
[0 57 -72 76 33 4 -62 -20 5 -37 -52 0 0 0 0 0 0 0 0 0 0 0 0 0 0 0 0 0 0 0 0 0 0 0 0 0 0 0 0 1 0 0 0 0 0 0 0 0 0 0 0 0 0 0 0 0 0 0 0 0 0 ] 92975
[0 9 25 -28 51 67 -59 20 -99 -80 70 0 0 0 0 0 0 0 0 0 0 0 0 0 0 0 0 0 0 0 0 0 0 0 0 0 0 0 0 0 1 0 0 0 0 0 0 0 0 0 0 0 0 0 0 0 0 0 0 0 0 ] 9393
[0 20 99 20 -68 8 4 -66 -57 -93 -27 0 0 0 0 0 0 0 0 0 0 0 0 0 0 0 0 0 0 0 0 0 0 0 0 0 0 0 0 0 0 1 0 0 0 0 0 0 0 0 0 0 0 0 0 0 0 0 0 0 0 ] 41162
[0 -8 72 20 78 -20 37 -100 -62 -52 -51 0 0 0 0 0 0 0 0 0 0 0 0 0 0 0 0 0 0 0 0 0 0 0 0 0 0 0 0 0 0 0 1 0 0 0 0 0 0 0 0 0 0 0 0 0 0 0 0 0 0 ] 14211
[0 11 -27 61 1 -3 -57 -3 71 40 -2 0 0 0 0 0 0 0 0 0 0 0 0 0 0 0 0 0 0 0 0 0 0 0 0 0 0 0 0 0 0 0 0 1 0 0 0 0 0 0 0 0 0 0 0 0 0 0 0 0 0 ] 19592
[0 -20 -68 -58 -21 91 80 -56 -5 -86 69 0 0 0 0 0 0 0 0 0 0 0 0 0 0 0 0 0 0 0 0 0 0 0 0 0 0 0 0 0 0 0 0 0 1 0 0 0 0 0 0 0 0 0 0 0 0 0 0 0 0 ] 51438
[0 -66 -32 -97 -77 -54 -82 -30 -41 -32 -78 0 0 0 0 0 0 0 0 0 0 0 0 0 0 0 0 0 0 0 0 0 0 0 0 0 0 0 0 0 0 0 0 0 0 1 0 0 0 0 0 0 0 0 0 0 0 0 0 0 0 ] 90316
[0 -76 -21 62 68 -74 -58 77 12 13 -59 0 0 0 0 0 0 0 0 0 0 0 0 0 0 0 0 0 0 0 0 0 0 0 0 0 0 0 0 0 0 0 0 0 0 0 1 0 0 0 0 0 0 0 0 0 0 0 0 0 0 ] 99929
[0 42 22 51 -19 -47 -83 -75 61 -25 98 0 0 0 0 0 0 0 0 0 0 0 0 0 0 0 0 0 0 0 0 0 0 0 0 0 0 0 0 0 0 0 0 0 0 0 0 1 0 0 0 0 0 0 0 0 0 0 0 0 0 ] 87710
[0 60 -6 4 -72 -93 19 -89 75 69 -35 0 0 0 0 0 0 0 0 0 0 0 0 0 0 0 0 0 0 0 0 0 0 0 0 0 0 0 0 0 0 0 0 0 0 0 0 0 1 0 0 0 0 0 0 0 0 0 0 0 0 ] 77561
[0 -94 -56 38 -94 -18 8 18 -9 -38 -64 0 0 0 0 0 0 0 0 0 0 0 0 0 0 0 0 0 0 0 0 0 0 0 0 0 0 0 0 0 0 0 0 0 0 0 0 0 0 1 0 0 0 0 0 0 0 0 0 0 0 ] 64213
[0 -22 -81 -48 -40 -71 -47 -1 2 -8 -5 0 0 0 0 0 0 0 0 0 0 0 0 0 0 0 0 0 0 0 0 0 0 0 0 0 0 0 0 0 0 0 0 0 0 0 0 0 0 0 1 0 0 0 0 0 0 0 0 0 0 ] 15688
[0 30 -22 -95 -55 30 51 -45 49 -2 39 0 0 0 0 0 0 0 0 0 0 0 0 0 0 0 0 0 0 0 0 0 0 0 0 0 0 0 0 0 0 0 0 0 0 0 0 0 0 0 0 1 0 0 0 0 0 0 0 0 0 ] 50575
[0 -47 -12 92 91 -77 79 -68 82 11 -68 0 0 0 0 0 0 0 0 0 0 0 0 0 0 0 0 0 0 0 0 0 0 0 0 0 0 0 0 0 0 0 0 0 0 0 0 0 0 0 0 0 1 0 0 0 0 0 0 0 0 ] 20728
[0 65 16 12 14 77 -72 0 -64 78 36 0 0 0 0 0 0 0 0 0 0 0 0 0 0 0 0 0 0 0 0 0 0 0 0 0 0 0 0 0 0 0 0 0 0 0 0 0 0 0 0 0 0 1 0 0 0 0 0 0 0 ] 20983
[0 -42 6 81 -78 10 61 34 -49 -39 -70 0 0 0 0 0 0 0 0 0 0 0 0 0 0 0 0 0 0 0 0 0 0 0 0 0 0 0 0 0 0 0 0 0 0 0 0 0 0 0 0 0 0 0 1 0 0 0 0 0 0 ] 47587
[0 -15 67 -66 11 -64 -5 12 -75 -8 57 0 0 0 0 0 0 0 0 0 0 0 0 0 0 0 0 0 0 0 0 0 0 0 0 0 0 0 0 0 0 0 0 0 0 0 0 0 0 0 0 0 0 0 0 1 0 0 0 0 0 ] 49985
[0 25 38 -55 -94 -46 96 -3 18 -11 -26 0 0 0 0 0 0 0 0 0 0 0 0 0 0 0 0 0 0 0 0 0 0 0 0 0 0 0 0 0 0 0 0 0 0 0 0 0 0 0 0 0 0 0 0 0 1 0 0 0 0 ] 63895
[0 -78 53 -88 18 35 18 -50 38 56 71 0 0 0 0 0 0 0 0 0 0 0 0 0 0 0 0 0 0 0 0 0 0 0 0 0 0 0 0 0 0 0 0 0 0 0 0 0 0 0 0 0 0 0 0 0 0 1 0 0 0 ] 90903
[0 -83 -78 -80 12 41 17 -36 93 -27 50 0 0 0 0 0 0 0 0 0 0 0 0 0 0 0 0 0 0 0 0 0 0 0 0 0 0 0 0 0 0 0 0 0 0 0 0 0 0 0 0 0 0 0 0 0 0 0 1 0 0 ] 66983
[0 -49 -97 -82 -85 38 6 93 -2 30 -74 0 0 0 0 0 0 0 0 0 0 0 0 0 0 0 0 0 0 0 0 0 0 0 0 0 0 0 0 0 0 0 0 0 0 0 0 0 0 0 0 0 0 0 0 0 0 0 0 1 0 ] 35780
[0 -61 -46 -6 87 -2 37 -87 -91 -34 70 0 0 0 0 0 0 0 0 0 0 0 0 0 0 0 0 0 0 0 0 0 0 0 0 0 0 0 0 0 0 0 0 0 0 0 0 0 0 0 0 0 0 0 0 0 0 0 0 0 1 ] 56684
......., row:25, col:2, val:100
feasible: 1


SimplexSolve round 2:
 A b: 51X61
[1 -16.18 0 1.56 -8.7 115.02 114.38 69.54 0.9 161.44 30.74 0 0 0 0 0 0 0 0 0 0 0 0 0 0 0 0 0 0 0 0 0 0 0 0 0.78 0 0 0 0 0 0 0 0 0 0 0 0 0 0 0 0 0 0 0 0 0 0 0 0 0 ] 1221.48
[0 -49.5 0 31 19.5 72.5 80.5 -6.5 5.5 32 -121.5 1 0 0 0 0 0 0 0 0 0 0 0 0 0 0 0 0 0 0 0 0 0 0 0 0.5 0 0 0 0 0 0 0 0 0 0 0 0 0 0 0 0 0 0 0 0 0 0 0 0 0 ] 51799
[0 -25.23 0 -13.34 -34.45 0.97 -28.07 107.19 -55.85 10.34 24.39 0 1 0 0 0 0 0 0 0 0 0 0 0 0 0 0 0 0 0 0 0 0 0 0 0.83 0 0 0 0 0 0 0 0 0 0 0 0 0 0 0 0 0 0 0 0 0 0 0 0 0 ] 101281.78
[0 18.37 0 45.46 15.55 -65.43 -130.67 -39.61 45.15 -115.46 120.59 0 0 1 0 0 0 0 0 0 0 0 0 0 0 0 0 0 0 0 0 0 0 0 0 -0.77 0 0 0 0 0 0 0 0 0 0 0 0 0 0 0 0 0 0 0 0 0 0 0 0 0 ] 12968.18
[0 86.8 0 -75.6 -22 -58.2 1.2 -12.4 -70 7.6 2.6 0 0 0 1 0 0 0 0 0 0 0 0 0 0 0 0 0 0 0 0 0 0 0 0 0.2 0 0 0 0 0 0 0 0 0 0 0 0 0 0 0 0 0 0 0 0 0 0 0 0 0 ] 58156.2
[0 -45.15 0 95.3 10.75 87.85 -56.35 -48.05 7.75 -64.3 61.95 0 0 0 0 1 0 0 0 0 0 0 0 0 0 0 0 0 0 0 0 0 0 0 0 0.15 0 0 0 0 0 0 0 0 0 0 0 0 0 0 0 0 0 0 0 0 0 0 0 0 0 ] 44554.9
[0 24.69 0 16.02 -15.65 -9.91 -123.79 -125.57 -51.45 29.98 -11.17 0 0 0 0 0 1 0 0 0 0 0 0 0 0 0 0 0 0 0 0 0 0 0 0 -0.49 0 0 0 0 0 0 0 0 0 0 0 0 0 0 0 0 0 0 0 0 0 0 0 0 0 ] 24315.66
[0 -6.61 0 -12.38 -80.15 -61.21 -53.49 -65.67 69.05 33.38 51.73 0 0 0 0 0 0 1 0 0 0 0 0 0 0 0 0 0 0 0 0 0 0 0 0 -0.19 0 0 0 0 0 0 0 0 0 0 0 0 0 0 0 0 0 0 0 0 0 0 0 0 0 ] 9833.46
[0 28.52 0 45.16 -76.2 -148.28 19.68 -71.56 -68.6 -18.16 -10.36 0 0 0 0 0 0 0 1 0 0 0 0 0 0 0 0 0 0 0 0 0 0 0 0 -0.92 0 0 0 0 0 0 0 0 0 0 0 0 0 0 0 0 0 0 0 0 0 0 0 0 0 ] 63030.28
[0 -75.45 0 72.9 13.25 52.55 -37.05 -58.15 -52.75 -41.9 47.85 0 0 0 0 0 0 0 0 1 0 0 0 0 0 0 0 0 0 0 0 0 0 0 0 -0.55 0 0 0 0 0 0 0 0 0 0 0 0 0 0 0 0 0 0 0 0 0 0 0 0 0 ] 61501.7
[0 20.39 0 61.62 74.85 19.79 -30.49 -64.67 -12.95 -13.62 95.73 0 0 0 0 0 0 0 0 0 1 0 0 0 0 0 0 0 0 0 0 0 0 0 0 -0.19 0 0 0 0 0 0 0 0 0 0 0 0 0 0 0 0 0 0 0 0 0 0 0 0 0 ] 7530.46
[0 90.23 0 -25.66 -12.55 107.03 73.07 -38.19 72.85 110.66 -59.39 0 0 0 0 0 0 0 0 0 0 1 0 0 0 0 0 0 0 0 0 0 0 0 0 0.17 0 0 0 0 0 0 0 0 0 0 0 0 0 0 0 0 0 0 0 0 0 0 0 0 0 ] 7289.22
[0 6 0 -54 -39 -62 -77 -34 0 86 -8 0 0 0 0 0 0 0 0 0 0 0 1 0 0 0 0 0 0 0 0 0 0 0 0 0 0 0 0 0 0 0 0 0 0 0 0 0 0 0 0 0 0 0 0 0 0 0 0 0 0 ] 72151
[0 33.35 0 -57.7 -80.75 -17.65 72.15 -9.55 30.25 -124.3 -8.55 0 0 0 0 0 0 0 0 0 0 0 0 1 0 0 0 0 0 0 0 0 0 0 0 -0.35 0 0 0 0 0 0 0 0 0 0 0 0 0 0 0 0 0 0 0 0 0 0 0 0 0 ] 6999.9
[0 -2.01 0 12.42 66.85 -83.61 77.91 -77.47 53.05 -77.42 -52.07 0 0 0 0 0 0 0 0 0 0 0 0 0 1 0 0 0 0 0 0 0 0 0 0 0.21 0 0 0 0 0 0 0 0 0 0 0 0 0 0 0 0 0 0 0 0 0 0 0 0 0 ] 70678.86
[0 -64.63 0 -85.54 -78.45 -30.43 -18.67 -114.61 -72.85 -126.46 -10.41 0 0 0 0 0 0 0 0 0 0 0 0 0 0 1 0 0 0 0 0 0 0 0 0 -0.77 0 0 0 0 0 0 0 0 0 0 0 0 0 0 0 0 0 0 0 0 0 0 0 0 0 ] 55369.18
[0 -84.23 0 71.66 34.55 -8.03 32.93 13.19 12.15 -39.66 80.39 0 0 0 0 0 0 0 0 0 0 0 0 0 0 0 1 0 0 0 0 0 0 0 0 -0.17 0 0 0 0 0 0 0 0 0 0 0 0 0 0 0 0 0 0 0 0 0 0 0 0 0 ] 73527.78
[0 19.67 0 48.86 -15.95 118.87 -2.97 110.49 -65.35 189.14 5.69 0 0 0 0 0 0 0 0 0 0 0 0 0 0 0 0 1 0 0 0 0 0 0 0 0.93 0 0 0 0 0 0 0 0 0 0 0 0 0 0 0 0 0 0 0 0 0 0 0 0 0 ] 3505.38
[0 89.84 0 41.72 -72.4 48.24 10.56 115.48 68.8 112.28 -69.12 0 0 0 0 0 0 0 0 0 0 0 0 0 0 0 0 0 1 0 0 0 0 0 0 0.36 0 0 0 0 0 0 0 0 0 0 0 0 0 0 0 0 0 0 0 0 0 0 0 0 0 ] 84935.76
[0 62.21 0 40.18 32.15 61.81 -44.11 -8.13 10.95 44.82 34.47 0 0 0 0 0 0 0 0 0 0 0 0 0 0 0 0 0 0 1 0 0 0 0 0 -0.41 0 0 0 0 0 0 0 0 0 0 0 0 0 0 0 0 0 0 0 0 0 0 0 0 0 ] 40007.94
[0 -45.96 0 -15.68 29.6 -100.56 -62.64 -33.12 55.8 -78.32 -30.72 0 0 0 0 0 0 0 0 0 0 0 0 0 0 0 0 0 0 0 1 0 0 0 0 -0.84 0 0 0 0 0 0 0 0 0 0 0 0 0 0 0 0 0 0 0 0 0 0 0 0 0 ] 30117.56
[0 94.44 0 -3.48 -38.4 88.84 77.96 -3.32 35.8 155.48 -60.92 0 0 0 0 0 0 0 0 0 0 0 0 0 0 0 0 0 0 0 0 1 0 0 0 0.76 0 0 0 0 0 0 0 0 0 0 0 0 0 0 0 0 0 0 0 0 0 0 0 0 0 ] 82104.16
[0 56.45 0 -77.9 -64.25 -47.55 7.05 -85.85 62.75 -98.1 -23.85 0 0 0 0 0 0 0 0 0 0 0 0 0 0 0 0 0 0 0 0 0 1 0 0 -0.45 0 0 0 0 0 0 0 0 0 0 0 0 0 0 0 0 0 0 0 0 0 0 0 0 0 ] 48449.3
[0 -43.82 0 86.44 43.7 -71.02 -48.38 -18.54 39.1 66.56 -19.74 0 0 0 0 0 0 0 0 0 0 0 0 0 0 0 0 0 0 0 0 0 0 1 0 0.22 0 0 0 0 0 0 0 0 0 0 0 0 0 0 0 0 0 0 0 0 0 0 0 0 0 ] 10340.52
[0 22.08 0 -67.36 17.2 -6.12 -68.28 -4.24 -69.4 7.36 -6.44 0 0 0 0 0 0 0 0 0 0 0 0 0 0 0 0 0 0 0 0 0 0 0 1 -0.68 0 0 0 0 0 0 0 0 0 0 0 0 0 0 0 0 0 0 0 0 0 0 0 0 0 ] 50598.12
[0 0.19 1 0.02 -0.15 0.59 0.71 0.93 0.05 0.98 -0.67 0 0 0 0 0 0 0 0 0 0 0 0 0 0 0 0 0 0 0 0 0 0 0 0 0.01 0 0 0 0 0 0 0 0 0 0 0 0 0 0 0 0 0 0 0 0 0 0 0 0 0 ] 15.66
[0 -0.17 0 23.14 95.45 -14.37 -93.53 -52.99 -11.15 -53.14 109.81 0 0 0 0 0 0 0 0 0 0 0 0 0 0 0 0 0 0 0 0 0 0 0 0 -0.43 1 0 0 0 0 0 0 0 0 0 0 0 0 0 0 0 0 0 0 0 0 0 0 0 0 ] 4481.62
[0 -65.12 0 -23.96 -46.8 90.68 42.92 113.36 28.6 40.96 65.16 0 0 0 0 0 0 0 0 0 0 0 0 0 0 0 0 0 0 0 0 0 0 0 0 0.52 0 1 0 0 0 0 0 0 0 0 0 0 0 0 0 0 0 0 0 0 0 0 0 0 0 ] 48870.32
[0 43.04 0 21.32 -3.4 21.44 -107.64 2.88 -40.2 -5.32 25.28 0 0 0 0 0 0 0 0 0 0 0 0 0 0 0 0 0 0 0 0 0 0 0 0 -0.84 0 0 1 0 0 0 0 0 0 0 0 0 0 0 0 0 0 0 0 0 0 0 0 0 0 ] 63526.56
[0 70.68 0 77.44 22.2 46.48 -10.88 46.96 8.6 33.56 -100.24 0 0 0 0 0 0 0 0 0 0 0 0 0 0 0 0 0 0 0 0 0 0 0 0 0.72 0 0 0 1 0 0 0 0 0 0 0 0 0 0 0 0 0 0 0 0 0 0 0 0 0 ] 94102.52
[0 4.25 0 -28.5 54.75 52.25 -76.75 -3.25 -100.25 -104.5 86.75 0 0 0 0 0 0 0 0 0 0 0 0 0 0 0 0 0 0 0 0 0 0 0 0 -0.25 0 0 0 0 1 0 0 0 0 0 0 0 0 0 0 0 0 0 0 0 0 0 0 0 0 ] 9001.5
[0 1.19 0 18.02 -53.15 -50.41 -66.29 -158.07 -61.95 -190.02 39.33 0 0 0 0 0 0 0 0 0 0 0 0 0 0 0 0 0 0 0 0 0 0 0 0 -0.99 0 0 0 0 0 1 0 0 0 0 0 0 0 0 0 0 0 0 0 0 0 0 0 0 0 ] 39611.66
[0 -21.68 0 18.56 88.8 -62.48 -14.12 -166.96 -65.6 -122.56 -2.76 0 0 0 0 0 0 0 0 0 0 0 0 0 0 0 0 0 0 0 0 0 0 0 0 -0.72 0 0 0 0 0 0 1 0 0 0 0 0 0 0 0 0 0 0 0 0 0 0 0 0 0 ] 13083.48
[0 16.13 0 61.54 -3.05 12.93 -37.83 22.11 72.35 66.46 -20.09 0 0 0 0 0 0 0 0 0 0 0 0 0 0 0 0 0 0 0 0 0 0 0 0 0.27 0 0 0 0 0 0 0 1 0 0 0 0 0 0 0 0 0 0 0 0 0 0 0 0 0 ] 20014.82
[0 -7.08 0 -56.64 -31.2 131.12 128.28 7.24 -1.6 -19.36 23.44 0 0 0 0 0 0 0 0 0 0 0 0 0 0 0 0 0 0 0 0 0 0 0 0 0.68 0 0 0 0 0 0 0 0 1 0 0 0 0 0 0 0 0 0 0 0 0 0 0 0 0 ] 52502.88
[0 -59.92 0 -96.36 -81.8 -35.12 -59.28 -0.24 -39.4 -0.64 -99.44 0 0 0 0 0 0 0 0 0 0 0 0 0 0 0 0 0 0 0 0 0 0 0 0 0.32 0 0 0 0 0 0 0 0 0 1 0 0 0 0 0 0 0 0 0 0 0 0 0 0 0 ] 90817.12
[0 -72.01 0 62.42 64.85 -61.61 -43.09 96.53 13.05 33.58 -73.07 0 0 0 0 0 0 0 0 0 0 0 0 0 0 0 0 0 0 0 0 0 0 0 0 0.21 0 0 0 0 0 0 0 0 0 0 1 0 0 0 0 0 0 0 0 0 0 0 0 0 0 ] 100257.86
[0 37.82 0 50.56 -15.7 -59.98 -98.62 -95.46 59.9 -46.56 112.74 0 0 0 0 0 0 0 0 0 0 0 0 0 0 0 0 0 0 0 0 0 0 0 0 -0.22 0 0 0 0 0 0 0 0 0 0 0 1 0 0 0 0 0 0 0 0 0 0 0 0 0 ] 87365.48
[0 61.14 0 4.12 -72.9 -89.46 23.26 -83.42 75.3 74.88 -39.02 0 0 0 0 0 0 0 0 0 0 0 0 0 0 0 0 0 0 0 0 0 0 0 0 0.06 0 0 0 0 0 0 0 0 0 0 0 0 1 0 0 0 0 0 0 0 0 0 0 0 0 ] 77654.96
[0 -83.36 0 39.12 -102.4 15.04 47.76 70.08 -6.2 16.88 -101.52 0 0 0 0 0 0 0 0 0 0 0 0 0 0 0 0 0 0 0 0 0 0 0 0 0.56 0 0 0 0 0 0 0 0 0 0 0 0 0 1 0 0 0 0 0 0 0 0 0 0 0 ] 65089.96
[0 -6.61 0 -46.38 -52.15 -23.21 10.51 74.33 6.05 71.38 -59.27 0 0 0 0 0 0 0 0 0 0 0 0 0 0 0 0 0 0 0 0 0 0 0 0 0.81 0 0 0 0 0 0 0 0 0 0 0 0 0 0 1 0 0 0 0 0 0 0 0 0 0 ] 16956.46
[0 34.18 0 -94.56 -58.3 42.98 66.62 -24.54 50.1 19.56 24.26 0 0 0 0 0 0 0 0 0 0 0 0 0 0 0 0 0 0 0 0 0 0 0 0 0.22 0 0 0 0 0 0 0 0 0 0 0 0 0 0 0 1 0 0 0 0 0 0 0 0 0 ] 50919.52
[0 -44.72 0 92.24 89.2 -69.92 87.52 -56.84 82.6 22.76 -76.04 0 0 0 0 0 0 0 0 0 0 0 0 0 0 0 0 0 0 0 0 0 0 0 0 0.12 0 0 0 0 0 0 0 0 0 0 0 0 0 0 0 0 1 0 0 0 0 0 0 0 0 ] 20915.92
[0 61.96 0 11.68 16.4 67.56 -83.36 -14.88 -64.8 62.32 46.72 0 0 0 0 0 0 0 0 0 0 0 0 0 0 0 0 0 0 0 0 0 0 0 0 -0.16 0 0 0 0 0 0 0 0 0 0 0 0 0 0 0 0 0 1 0 0 0 0 0 0 0 ] 20732.44
[0 -43.14 0 80.88 -77.1 6.46 56.74 28.42 -49.3 -44.88 -65.98 0 0 0 0 0 0 0 0 0 0 0 0 0 0 0 0 0 0 0 0 0 0 0 0 -0.06 0 0 0 0 0 0 0 0 0 0 0 0 0 0 0 0 0 0 1 0 0 0 0 0 0 ] 47493.04
[0 -27.73 0 -67.34 21.05 -103.53 -52.57 -50.31 -78.35 -73.66 101.89 0 0 0 0 0 0 0 0 0 0 0 0 0 0 0 0 0 0 0 0 0 0 0 0 -0.67 0 0 0 0 0 0 0 0 0 0 0 0 0 0 0 0 0 0 0 1 0 0 0 0 0 ] 48935.78
[0 17.78 0 -55.76 -88.3 -68.42 69.02 -38.34 16.1 -48.24 -0.54 0 0 0 0 0 0 0 0 0 0 0 0 0 0 0 0 0 0 0 0 0 0 0 0 -0.38 0 0 0 0 0 0 0 0 0 0 0 0 0 0 0 0 0 0 0 0 1 0 0 0 0 ] 63299.92
[0 -88.07 0 -89.06 25.95 3.73 -19.63 -99.29 35.35 4.06 106.51 0 0 0 0 0 0 0 0 0 0 0 0 0 0 0 0 0 0 0 0 0 0 0 0 -0.53 0 0 0 0 0 0 0 0 0 0 0 0 0 0 0 0 0 0 0 0 0 1 0 0 0 ] 90073.02
[0 -68.18 0 -78.44 0.3 87.02 72.38 36.54 96.9 49.44 -2.26 0 0 0 0 0 0 0 0 0 0 0 0 0 0 0 0 0 0 0 0 0 0 0 0 0.78 0 0 0 0 0 0 0 0 0 0 0 0 0 0 0 0 0 0 0 0 0 0 1 0 0 ] 68204.48
[0 -30.57 0 -80.06 -99.55 95.23 74.87 183.21 2.85 125.06 -138.99 0 0 0 0 0 0 0 0 0 0 0 0 0 0 0 0 0 0 0 0 0 0 0 0 0.97 0 0 0 0 0 0 0 0 0 0 0 0 0 0 0 0 0 0 0 0 0 0 0 1 0 ] 37299.02
[0 -52.26 0 -5.08 80.1 25.14 69.66 -44.22 -88.7 11.08 39.18 0 0 0 0 0 0 0 0 0 0 0 0 0 0 0 0 0 0 0 0 0 0 0 0 0.46 0 0 0 0 0 0 0 0 0 0 0 0 0 0 0 0 0 0 0 0 0 0 0 0 1 ] 57404.36
......., row:11, col:1, val:90.23
feasible: 1


SimplexSolve round 3:
 A b: 51X61
[1 0 0 -3.041338801 -10.95045994 134.2125679 127.4828771 62.69178765 13.9634268 181.2834977 20.0902139 0 0 0 0 0 0 0 0 0 0 0.1793195168 0 0 0 0 0 0 0 0 0 0 0 0 0 0.8104843179 0 0 0 0 0 0 0 0 0 0 0 0 0 0 0 0 0 0 0 0 0 0 0 0 0 ] 2528.579408
[0 0 0 16.92297462 12.61509476 131.2164469 120.5860579 -27.45095866 45.46536629 92.7078577 -154.0812368 1 0 0 0 0 0 0 0 0 0 0.5485980273 0 0 0 0 0 0 0 0 0 0 0 0 0 0.5932616646 0 0 0 0 0 0 0 0 0 0 0 0 0 0 0 0 0 0 0 0 0 0 0 0 0 ] 55797.85171
[0 0 0 -20.51501718 -37.95921534 30.89759503 -7.638257786 96.51135986 -35.47977391 41.2826111 7.783442314 0 1 0 0 0 0 0 0 0 0 0.2796187521 0 0 0 0 0 0 0 0 0 0 0 0 0 0.8775351879 0 0 0 0 0 0 0 0 0 0 0 0 0 0 0 0 0 0 0 0 0 0 0 0 0 ] 103319.9826
[0 0 0 50.68414053 18.10506483 -87.22032583 -145.5463815 -31.83486645 30.31840851 -137.9893605 132.681259 0 0 1 0 0 0 0 0 0 0 -0.2035908235 0 0 0 0 0 0 0 0 0 0 0 0 0 -0.80461044 0 0 0 0 0 0 0 0 0 0 0 0 0 0 0 0 0 0 0 0 0 0 0 0 0 ] 11484.1617
[0 0 0 -50.91543832 -9.927075252 -161.1613654 -69.09231963 24.3382467 -140.0806827 -98.85337471 59.73235066 0 0 0 1 0 0 0 0 0 0 -0.9619860357 0 0 0 0 0 0 0 0 0 0 0 0 0 0.03646237393 0 0 0 0 0 0 0 0 0 0 0 0 0 0 0 0 0 0 0 0 0 0 0 0 0 ] 51144.07215
[0 0 0 82.46004655 4.470131885 141.4065167 -19.78665632 -67.15981381 44.20325834 -8.927075252 32.23196276 0 0 0 0 1 0 0 0 0 0 0.5003878976 0 0 0 0 0 0 0 0 0 0 0 0 0 0.2350659426 0 0 0 0 0 0 0 0 0 0 0 0 0 0 0 0 0 0 0 0 0 0 0 0 0 ] 48202.33747
[0 0 0 23.04144963 -12.21589272 -39.19705198 -143.7844398 -115.1199158 -71.38424027 -0.3003435664 5.081126011 0 0 0 0 0 1 0 0 0 0 -0.2736340463 0 0 0 0 0 0 0 0 0 0 0 0 0 -0.5365177879 0 0 0 0 0 0 0 0 0 0 0 0 0 0 0 0 0 0 0 0 0 0 0 0 0 ] 22321.08124
[0 0 0 -14.25978056 -81.06937826 -53.36927851 -48.13709409 -68.46769367 74.38678932 41.48664524 47.37925302 0 0 0 0 0 0 1 0 0 0 0.07325723152 0 0 0 0 0 0 0 0 0 0 0 0 0 -0.1775462706 0 0 0 0 0 0 0 0 0 0 0 0 0 0 0 0 0 0 0 0 0 0 0 0 0 ] 10367.44808
[0 0 0 53.27064169 -72.23318187 -182.1101629 -3.416047878 -59.4888618 -91.62651003 -53.1375374 8.412058074 0 0 0 0 0 0 0 1 0 0 -0.316081126 0 0 0 0 0 0 0 0 0 0 0 0 0 -0.9737337914 0 0 0 0 0 0 0 0 0 0 0 0 0 0 0 0 0 0 0 0 0 0 0 0 0 ] 60726.29513
[0 0 0 51.44320071 2.755735343 142.0480993 24.05087 -90.08434002 8.166906794 50.63349219 -1.811703425 0 0 0 0 0 0 0 0 1 0 0.836196387 0 0 0 0 0 0 0 0 0 0 0 0 0 -0.4078466142 0 0 0 0 0 0 0 0 0 0 0 0 0 0 0 0 0 0 0 0 0 0 0 0 0 ] 67596.91943
[0 0 0 67.41859692 77.6860246 -4.396431342 -47.00221656 -56.03989804 -29.41250139 -38.62673169 109.1508368 0 0 0 0 0 0 0 0 0 1 -0.2259780561 0 0 0 0 0 0 0 0 0 0 0 0 0 -0.2284162695 0 0 0 0 0 0 0 0 0 0 0 0 0 0 0 0 0 0 0 0 0 0 0 0 0 ] 5883.256234
[0 1 0 -0.2843843511 -0.1390889948 1.186190846 0.8098193505 -0.4232516901 0.8073811371 1.226421368 -0.6582068048 0 0 0 0 0 0 0 0 0 0 0.01108278843 0 0 0 0 0 0 0 0 0 0 0 0 0 0.001884074033 0 0 0 0 0 0 0 0 0 0 0 0 0 0 0 0 0 0 0 0 0 0 0 0 0 ] 80.78488308
[0 0 0 -52.29369389 -38.16546603 -69.11714507 -81.8589161 -31.46048986 -4.844286823 78.64147179 -4.050759171 0 0 0 0 0 0 0 0 0 0 -0.06649673058 1 0 0 0 0 0 0 0 0 0 0 0 0 -0.0113044442 0 0 0 0 0 0 0 0 0 0 0 0 0 0 0 0 0 0 0 0 0 0 0 0 0 ] 71666.2907
[0 0 0 -48.21578189 -76.11138202 -57.2094647 45.14252466 4.565443866 3.323839078 -165.2011526 13.40119694 0 0 0 0 0 0 0 0 0 0 -0.3696109941 0 1 0 0 0 0 0 0 0 0 0 0 0 -0.412833869 0 0 0 0 0 0 0 0 0 0 0 0 0 0 0 0 0 0 0 0 0 0 0 0 0 ] 4305.724149
[0 0 0 11.84838745 66.57043112 -81.2257564 79.53773689 -78.3207359 54.67283609 -74.95489305 -53.39299568 0 0 0 0 0 0 0 0 0 0 0.02227640474 0 0 1 0 0 0 0 0 0 0 0 0 0 0.2137869888 0 0 0 0 0 0 0 0 0 0 0 0 0 0 0 0 0 0 0 0 0 0 0 0 0 ] 70841.23761
[0 0 0 -103.9197606 -87.43932173 46.23351435 33.66862463 -141.9647567 -20.66895711 -47.19638701 -52.9499058 0 0 0 0 0 0 0 0 0 0 0.7162806162 0 0 0 1 0 0 0 0 0 0 0 0 0 -0.6482322952 0 0 0 0 0 0 0 0 0 0 0 0 0 0 0 0 0 0 0 0 0 0 0 0 0 ] 60590.30699
[0 0 0 47.70630611 22.83453397 91.88285493 101.1410839 -22.46048986 80.15571318 63.64147179 24.94924083 0 0 0 0 0 0 0 0 0 0 0.9335032694 0 0 0 0 1 0 0 0 0 0 0 0 0 -0.0113044442 0 0 0 0 0 0 0 0 0 0 0 0 0 0 0 0 0 0 0 0 0 0 0 0 0 ] 80332.2907
[0 0 0 54.45384019 -13.21411947 95.53762607 -18.89914663 118.8153607 -81.23118697 165.0162917 18.63692785 0 0 0 0 0 0 0 0 0 0 -0.2179984484 0 0 0 0 0 1 0 0 0 0 0 0 0 0.8929402638 0 0 0 0 0 0 0 0 0 0 0 0 0 0 0 0 0 0 0 0 0 0 0 0 0 ] 1916.34135
[0 0 0 67.2690901 -59.90424471 -58.32738557 -62.19417045 153.5049318 -3.735121357 2.098304333 -9.986700654 0 0 0 0 0 0 0 0 0 0 -0.9956777125 0 0 0 0 0 0 1 0 0 0 0 0 0 0.1907347889 0 0 0 0 0 0 0 0 0 0 0 0 0 0 0 0 0 0 0 0 0 0 0 0 0 ] 77678.0461
[0 0 0 57.87155048 40.80272637 -11.98293251 -94.4888618 18.20048764 -39.27718054 -31.47567328 75.41704533 0 0 0 0 0 0 0 0 0 0 -0.6894602682 0 0 0 0 0 0 0 1 0 0 0 0 0 -0.5272082456 0 0 0 0 0 0 0 0 0 0 0 0 0 0 0 0 0 0 0 0 0 0 0 0 0 ] 34982.31242
[0 0 0 -28.75030478 23.2074698 -46.04266874 -25.42070265 -52.57264768 92.90723706 -21.95367394 -60.97118475 0 0 0 0 0 0 0 0 0 0 0.5093649562 0 0 0 0 0 0 0 0 1 0 0 0 0 -0.7534079574 0 0 0 0 0 0 0 0 0 0 0 0 0 0 0 0 0 0 0 0 0 0 0 0 0 ] 33830.43323
[0 0 0 23.37725812 -25.26443533 -23.18386346 1.480660534 36.65188962 -40.44907459 39.65676604 1.241050648 0 0 0 0 0 0 0 0 0 0 -1.046658539 0 0 0 0 0 0 0 0 0 1 0 0 0 0.5820680483 0 0 0 0 0 0 0 0 0 0 0 0 0 0 0 0 0 0 0 0 0 0 0 0 0 ] 74474.83564
[0 0 0 -61.84650338 -56.39842624 -114.5104732 -38.66430234 -61.95744209 17.17333481 -167.3314862 13.30577413 0 0 0 0 0 0 0 0 0 0 -0.6256234068 0 0 0 0 0 0 0 0 0 0 1 0 0 -0.5563559792 0 0 0 0 0 0 0 0 0 0 0 0 0 0 0 0 0 0 0 0 0 0 0 0 0 ] 43888.99335
[0 0 0 73.97827773 37.60512025 -19.04111715 -12.89371606 -37.08688906 74.47944143 120.3017843 -48.58262219 0 0 0 0 0 0 0 0 0 0 0.485647789 0 0 0 0 0 0 0 0 0 0 0 1 0 0.3025601241 0 0 0 0 0 0 0 0 0 0 0 0 0 0 0 0 0 0 0 0 0 0 0 0 0 ] 13880.51358
[0 0 0 -61.08079353 20.271085 -32.31109387 -86.16081126 5.105397318 -87.22697551 -19.7193838 8.093206251 0 0 0 0 0 0 0 0 0 0 -0.2447079685 0 0 0 0 0 0 0 0 0 0 0 0 1 -0.7216003546 0 0 0 0 0 0 0 0 0 0 0 0 0 0 0 0 0 0 0 0 0 0 0 0 0 ] 48814.38978
[0 0 1 0.07403302671 -0.123573091 0.3646237393 0.5561343234 1.010417821 -0.103402416 0.7469799402 -0.5449407071 0 0 0 0 0 0 0 0 0 0 -0.002105729802 0 0 0 0 0 0 0 0 0 0 0 0 0 0.009642025934 0 0 0 0 0 0 0 0 0 0 0 0 0 0 0 0 0 0 0 0 0 0 0 0 0 ] 0.3108722154
[0 0 0 23.09165466 95.42635487 -14.16834756 -93.39233071 -53.06195279 -11.01274521 -52.93150837 109.6981048 0 0 0 0 0 0 0 0 0 0 0.001884074033 0 0 0 0 0 0 0 0 0 0 0 0 0 -0.4296797074 1 0 0 0 0 0 0 0 0 0 0 0 0 0 0 0 0 0 0 0 0 0 0 0 0 ] 4495.35343
[0 0 0 -42.47910894 -55.85747534 167.9247479 95.65543611 85.79784994 81.17665965 120.8245595 22.29757287 0 0 0 0 0 0 0 0 0 0 0.7217111825 0 0 0 0 0 0 0 0 0 0 0 0 0 0.642690901 0 1 0 0 0 0 0 0 0 0 0 0 0 0 0 0 0 0 0 0 0 0 0 0 0 ] 54131.03159
[0 0 0 33.55990247 2.586390336 -29.613654 -142.4946248 21.09675274 -74.94968414 -58.10517566 53.60922088 0 0 0 0 0 0 0 0 0 0 -0.477003214 0 0 0 0 0 0 0 0 0 0 0 0 0 -0.9210905464 0 0 1 0 0 0 0 0 0 0 0 0 0 0 0 0 0 0 0 0 0 0 0 0 0 ] 60049.57863
[0 0 0 97.54028594 32.03081015 -37.35996897 -68.1180317 76.87542946 -48.46569877 -53.12346226 -53.71794303 0 0 0 0 0 0 0 0 0 0 -0.7833314862 0 0 0 0 0 0 0 0 0 0 0 0 0 0.5868336473 0 0 0 1 0 0 0 0 0 0 0 0 0 0 0 0 0 0 0 0 0 0 0 0 0 ] 88392.64446
[0 0 0 -27.29136651 55.34112823 47.20868891 -80.19173224 -1.451180317 -103.6813698 -109.7122908 89.54737892 0 0 0 0 0 0 0 0 0 0 -0.04710185083 0 0 0 0 0 0 0 0 0 0 0 0 0 -0.2580073146 0 0 0 0 1 0 0 0 0 0 0 0 0 0 0 0 0 0 0 0 0 0 0 0 0 ] 8658.164247
[0 0 0 18.35841738 -52.9844841 -51.82156711 -67.25368503 -157.5663305 -62.91078355 -191.4794414 40.1132661 0 0 0 0 0 0 0 0 0 0 -0.01318851823 0 0 0 0 0 0 0 0 0 0 0 0 0 -0.9922420481 0 0 0 0 0 1 0 0 0 0 0 0 0 0 0 0 0 0 0 0 0 0 0 0 0 ] 39515.52599
[0 0 0 12.39454727 85.78455059 -36.76338247 3.43688352 -176.1360966 -48.09597695 -95.97118475 -17.02992353 0 0 0 0 0 0 0 0 0 0 0.2402748532 0 0 0 0 0 0 0 0 0 0 0 0 0 -0.679153275 0 0 0 0 0 0 1 0 0 0 0 0 0 0 0 0 0 0 0 0 0 0 0 0 0 ] 14834.89627
[0 0 0 66.12711958 -0.806494514 -6.20325834 -50.89238612 28.93704976 59.32694226 46.67782334 -9.473124238 0 0 0 0 0 0 0 0 0 0 -0.1787653774 0 0 0 0 0 0 0 0 0 0 0 0 0 0.2396098858 0 0 0 0 0 0 0 1 0 0 0 0 0 0 0 0 0 0 0 0 0 0 0 0 0 ] 18711.75984
[0 0 0 -58.65344121 -32.18475008 139.5182312 134.013521 4.243378034 4.116258451 -10.67693672 18.77989582 0 0 0 0 0 0 0 0 0 0 0.07846614208 0 0 0 0 0 0 0 0 0 0 0 0 0 0.6933392442 0 0 0 0 0 0 0 0 1 0 0 0 0 0 0 0 0 0 0 0 0 0 0 0 0 ] 53074.83697
[0 0 0 -113.4003103 -90.13421257 35.95655547 -10.75562452 -25.60124127 8.978277735 72.84716835 -138.8797517 0 0 0 0 0 0 0 0 0 0 0.6640806827 0 0 0 0 0 0 0 0 0 0 0 0 0 0.4328937161 0 0 0 0 0 0 0 0 0 1 0 0 0 0 0 0 0 0 0 0 0 0 0 0 0 ] 95657.75019
[0 0 0 41.94148288 54.83420149 23.80760279 15.22509143 66.05164579 71.18951568 121.8946027 -120.467472 0 0 0 0 0 0 0 0 0 0 0.7980715948 0 0 0 0 0 0 0 0 0 0 0 0 0 0.3456721711 0 0 0 0 0 0 0 0 0 0 1 0 0 0 0 0 0 0 0 0 0 0 0 0 0 ] 106075.1794
[0 0 0 61.31541616 -10.43965422 -104.8417378 -129.2473678 -79.45262108 29.3648454 -92.94325612 137.6333814 0 0 0 0 0 0 0 0 0 0 -0.4191510584 0 0 0 0 0 0 0 0 0 0 0 0 0 -0.2912556799 0 0 0 0 0 0 0 0 0 0 0 1 0 0 0 0 0 0 0 0 0 0 0 0 0 ] 84310.19572
[0 0 0 21.50725923 -64.39609886 -161.9837083 -26.25235509 -57.54239167 25.93671728 -0.103402416 1.222764047 0 0 0 0 0 0 0 0 0 0 -0.6776016846 0 0 0 0 0 0 0 0 0 0 0 0 0 -0.05519228638 0 0 0 0 0 0 0 0 0 0 0 0 1 0 0 0 0 0 0 0 0 0 0 0 0 ] 72715.77225
[0 0 0 15.41372049 -113.9944586 113.9208689 115.2665411 34.79773911 61.10329159 119.1144852 -156.3881193 0 0 0 0 0 0 0 0 0 0 0.9238612435 0 0 0 0 0 0 0 0 0 0 0 0 0 0.7170564114 0 0 0 0 0 0 0 0 0 0 0 0 0 1 0 0 0 0 0 0 0 0 0 0 0 ] 71824.18785
[0 0 0 -48.25978056 -53.06937826 -15.36927851 15.86290591 71.53230633 11.38678932 79.48664524 -63.62074698 0 0 0 0 0 0 0 0 0 0 0.07325723152 0 0 0 0 0 0 0 0 0 0 0 0 0 0.8224537294 0 0 0 0 0 0 0 0 0 0 0 0 0 0 1 0 0 0 0 0 0 0 0 0 0 ] 17490.44808
[0 0 0 -84.83974288 -53.54593816 2.435996897 38.9403746 -10.07325723 22.50371273 -22.35908235 46.75750859 0 0 0 0 0 0 0 0 0 0 -0.3788097085 0 0 0 0 0 0 0 0 0 0 0 0 0 0.1556023496 0 0 0 0 0 0 0 0 0 0 0 0 0 0 0 1 0 0 0 0 0 0 0 0 0 ] 48158.2927
[0 0 0 79.52233182 82.97994015 -16.87354538 123.7351214 -75.76781558 118.7060845 77.60556356 -105.4750083 0 0 0 0 0 0 0 0 0 0 0.4956222986 0 0 0 0 0 0 0 0 0 0 0 0 0 0.2042557908 0 0 0 0 0 0 0 0 0 0 0 0 0 0 0 0 1 0 0 0 0 0 0 0 0 ] 24528.61997
[0 0 0 29.30045439 25.01795412 -5.936384794 -133.536407 11.34467472 -114.8253353 -13.66906794 87.50249363 0 0 0 0 0 0 0 0 0 0 -0.6866895711 0 0 0 0 0 0 0 0 0 0 0 0 0 -0.2767372271 0 0 0 0 0 0 0 0 0 0 0 0 0 0 0 0 0 1 0 0 0 0 0 0 0 ] 15727.00864
[0 0 0 68.61165909 -83.10029924 57.63227308 91.67560678 10.16092209 -14.46957775 8.027817799 -94.37504156 0 0 0 0 0 0 0 0 0 0 0.4781114929 0 0 0 0 0 0 0 0 0 0 0 0 0 0.02127895378 0 0 0 0 0 0 0 0 0 0 0 0 0 0 0 0 0 0 1 0 0 0 0 0 0 ] 50978.09986
[0 0 0 -75.22597806 17.19306217 -70.63692785 -30.11370941 -62.04676937 -55.96132107 -39.65133548 83.6379253 0 0 0 0 0 0 0 0 0 0 0.3073257232 0 0 0 0 0 0 0 0 0 0 0 0 0 -0.6177546271 0 0 0 0 0 0 0 0 0 0 0 0 0 0 0 0 0 0 0 1 0 0 0 0 0 ] 51175.94481
[0 0 0 -50.70364624 -85.82699767 -89.51047324 54.62141195 -30.81458495 1.744763382 -70.04577192 11.16291699 0 0 0 0 0 0 0 0 0 0 -0.1970519783 0 0 0 0 0 0 0 0 0 0 0 0 0 -0.4134988363 0 0 0 0 0 0 0 0 0 0 0 0 0 0 0 0 0 0 0 0 1 0 0 0 0 ] 61863.56478
[0 0 0 -114.1057298 13.70043223 108.1978278 51.6907902 -136.5657763 106.4560567 112.0709298 48.5417267 0 0 0 0 0 0 0 0 0 0 0.976061177 0 0 0 0 0 0 0 0 0 0 0 0 0 -0.3640695999 0 0 0 0 0 0 0 0 0 0 0 0 0 0 0 0 0 0 0 0 0 1 0 0 0 ] 97187.74465
[0 0 0 -97.82932506 -9.183087665 167.8944919 127.5934833 7.682699767 151.9472459 133.0574088 -47.13653995 0 0 0 0 0 0 0 0 0 0 0.7556245151 0 0 0 0 0 0 0 0 0 0 0 0 0 0.9084561676 0 0 0 0 0 0 0 0 0 0 0 0 0 0 0 0 0 0 0 0 0 0 1 0 0 ] 73712.39333
[0 0 0 -88.75362961 -103.8019506 131.4918542 99.62617755 170.2711958 27.53164136 162.5517012 -159.111382 0 0 0 0 0 0 0 0 0 0 0.3388008423 0 0 0 0 0 0 0 0 0 0 0 0 0 1.027596143 0 0 0 0 0 0 0 0 0 0 0 0 0 0 0 0 0 0 0 0 0 0 0 1 0 ] 39768.61388
[0 0 0 -19.94192619 72.83120913 87.13033359 111.9811593 -66.33913333 -46.50626178 75.17278067 4.782112379 0 0 0 0 0 0 0 0 0 0 0.5791865233 0 0 0 0 0 0 0 0 0 0 0 0 0 0.558461709 0 0 0 0 0 0 0 0 0 0 0 0 0 0 0 0 0 0 0 0 0 0 0 0 1 ] 61626.17799
......., row:26, col:4, val:95.42635487
feasible: 1


SimplexSolve round 4:
 A b: 51X61
[1 0 0 -0.3915022903 0 132.5867076 116.7658275 56.6027697 12.69968131 175.2094487 32.67839987 0 0 0 0 0 0 0 0 0 0 0.1795357199 0 0 0 0 0 0 0 0 0 0 0 0 0 0.7611772849 0.1147529941 0 0 0 0 0 0 0 0 0 0 0 0 0 0 0 0 0 0 0 0 0 0 0 0 ] 3044.434674
[0 0 0 13.87032305 0 133.0894624 132.9322604 -20.43631828 46.92122012 99.7052537 -168.5830167 1 0 0 0 0 0 0 0 0 0 0.548348958 0 0 0 0 0 0 0 0 0 0 0 0 0 0.6500641091 -0.1321971773 0 0 0 0 0 0 0 0 0 0 0 0 0 0 0 0 0 0 0 0 0 0 0 0 ] 55203.57868
[0 0 0 -11.32949298 0 25.26163255 -44.78836791 75.40408719 -39.8604837 20.22722733 51.41975211 0 1 0 0 0 0 0 0 0 0 0.2803682093 0 0 0 0 0 0 0 0 0 0 0 0 0 0.7066148529 0.3977854482 0 0 0 0 0 0 0 0 0 0 0 0 0 0 0 0 0 0 0 0 0 0 0 0 ] 105108.1688
[0 0 0 46.30300384 0 -84.5321916 -127.8272283 -21.76752084 32.40783618 -127.9467639 111.8684416 0 0 1 0 0 0 0 0 0 0 -0.2039482853 0 0 0 0 0 0 0 0 0 0 0 0 0 -0.7230881082 -0.1897281402 0 0 0 0 0 0 0 0 0 0 0 0 0 0 0 0 0 0 0 0 0 0 0 0 ] 10631.26665
[0 0 0 -48.51324457 0 -162.6352795 -78.80779808 18.81828318 -141.2263238 -104.3597683 71.14409685 0 0 0 1 0 0 0 0 0 0 -0.961790038 0 0 0 0 0 0 0 0 0 0 0 0 0 -0.008236627675 0.104028654 0 0 0 0 0 0 0 0 0 0 0 0 0 0 0 0 0 0 0 0 0 0 0 0 ] 51611.71772
[0 0 0 81.37834598 0 142.0702157 -15.41180583 -64.67419097 44.71913704 -6.447562924 27.09328805 0 0 0 0 1 0 0 0 0 0 0.5002996404 0 0 0 0 0 0 0 0 0 0 0 0 0 0.2551937675 -0.04684378746 0 0 0 0 0 0 0 0 0 0 0 0 0 0 0 0 0 0 0 0 0 0 0 0 ] 47991.75809
[0 0 0 25.99750067 0 -41.01079635 -155.7399493 -121.9125793 -72.79402392 -7.07630843 19.12400004 0 0 0 0 0 1 0 0 0 0 -0.2733928588 0 0 0 0 0 0 0 0 0 0 0 0 0 -0.5915227309 0.1280138253 0 0 0 0 0 0 0 0 0 0 0 0 0 0 0 0 0 0 0 0 0 0 0 0 ] 22896.54863
[0 0 0 5.357714928 0 -65.40598607 -127.4784689 -113.5464303 65.03092103 -3.481272473 140.5731843 0 0 0 0 0 0 1 0 0 0 0.074857845 0 0 0 0 0 0 0 0 0 0 0 0 0 -0.542580299 0.8495491457 0 0 0 0 0 0 0 0 0 0 0 0 0 0 0 0 0 0 0 0 0 0 0 0 ] 14186.47174
[0 0 0 70.7499187 0 -192.8349237 -74.10957084 -99.65421959 -99.96263089 -93.20415501 91.44827138 0 0 0 0 0 0 0 1 0 0 -0.3146549722 0 0 0 0 0 0 0 0 0 0 0 0 0 -1.298980758 0.7569521226 0 0 0 0 0 0 0 0 0 0 0 0 0 0 0 0 0 0 0 0 0 0 0 0 ] 64129.06246
[0 0 0 50.77635674 0 142.4572548 26.74786651 -88.55200968 8.484934358 52.16205553 -4.979580318 0 0 0 0 0 0 0 0 1 0 0.8361419785 0 0 0 0 0 0 0 0 0 0 0 0 0 -0.3954382648 -0.02887813693 0 0 0 0 0 0 0 0 0 0 0 0 0 0 0 0 0 0 0 0 0 0 0 0 ] 67467.102
[0 0 0 48.61981901 0 7.13793564 29.02792115 -12.84247972 -20.4470914 4.464492609 19.84626588 0 0 0 0 0 0 0 0 0 1 -0.2275118695 0 0 0 0 0 0 0 0 0 0 0 0 0 0.1213834097 -0.8140940174 0 0 0 0 0 0 0 0 0 0 0 0 0 0 0 0 0 0 0 0 0 0 0 0 ] 2223.6159
[0 1 0 -0.2507270345 0 1.165539724 0.6736950543 -0.5005923125 0.7913294744 1.149270875 -0.4983159743 0 0 0 0 0 0 0 0 0 0 0.01108553457 0 0 0 0 0 0 0 0 0 0 0 0 0 0.001257792974 0.001457553262 0 0 0 0 0 0 0 0 0 0 0 0 0 0 0 0 0 0 0 0 0 0 0 0 ] 87.33710013
[0 0 0 -43.05826032 0 -74.78373045 -119.2108807 -52.6824485 -9.248799115 57.47168398 39.82264771 0 0 0 0 0 0 0 0 0 0 -0.06574320118 1 0 0 0 0 0 0 0 0 0 0 0 0 -0.1831534716 0.399946808 0 0 0 0 0 0 0 0 0 0 0 0 0 0 0 0 0 0 0 0 0 0 0 0 ] 73464.19296
[0 0 0 -29.79804235 0 -68.51003795 -29.34653416 -37.75639233 -5.459848182 -207.4189473 100.8956252 0 0 0 0 0 0 0 0 0 0 -0.3681082701 0 1 0 0 0 0 0 0 0 0 0 0 0 -0.755543348 0.7975928885 0 0 0 0 0 0 0 0 0 0 0 0 0 0 0 0 0 0 0 0 0 0 0 0 ] 7891.186077
[0 0 0 -4.260594264 0 -71.34176779 144.6892113 -41.30415827 62.35544324 -38.02931482 -129.91955 0 0 0 0 0 0 0 0 0 0 0.02096205484 0 0 1 0 0 0 0 0 0 0 0 0 0 0.5135360823 -0.6976105418 0 0 0 0 0 0 0 0 0 0 0 0 0 0 0 0 0 0 0 0 0 0 0 0 ] 67705.23167
[0 0 0 -82.76084048 0 33.2510348 -51.90691751 -190.585509 -30.75995317 -95.69761286 47.56664328 0 0 0 0 0 0 0 0 0 0 0.7180069963 0 0 0 1 0 0 0 0 0 0 0 0 0 -1.041948499 0.9163016009 0 0 0 0 0 0 0 0 0 0 0 0 0 0 0 0 0 0 0 0 0 0 0 0 ] 64709.40654
[0 0 0 42.18071338 0 95.2731931 123.488897 -9.763316578 82.79094854 76.30743108 -1.300374434 0 0 0 0 0 0 0 0 0 0 0.9330524301 0 0 0 0 1 0 0 0 0 0 0 0 0 0.09151343969 -0.2392895967 0 0 0 0 0 0 0 0 0 0 0 0 0 0 0 0 0 0 0 0 0 0 0 0 ] 79256.59939
[0 0 0 57.65144617 0 93.57567082 -31.83160556 111.4676319 -82.75617166 157.686626 33.82732117 0 0 0 0 0 0 0 0 0 0 -0.2177375521 0 0 0 0 0 1 0 0 0 0 0 0 0 0.833440569 0.1384745282 0 0 0 0 0 0 0 0 0 0 0 0 0 0 0 0 0 0 0 0 0 0 0 0 ] 2538.833295
[0 0 0 81.76496112 0 -67.22161778 -120.821549 120.1950961 -10.6484126 -31.12964443 58.87668751 0 0 0 0 0 0 0 0 0 0 -0.9944949781 0 0 0 0 0 0 1 0 0 0 0 0 0 -0.07899822539 0.6277536723 0 0 0 0 0 0 0 0 0 0 0 0 0 0 0 0 0 0 0 0 0 0 0 0 ] 80500.02073
[0 0 0 47.997942 0 -5.924782122 -54.55585042 40.88889844 -34.56831337 -8.843038354 28.51195542 0 0 0 0 0 0 0 0 0 0 -0.690265867 0 0 0 0 0 0 0 1 0 0 0 0 0 -0.3434843304 -0.4275834115 0 0 0 0 0 0 0 0 0 0 0 0 0 0 0 0 0 0 0 0 0 0 0 0 ] 33060.17387
[0 0 0 -34.36614202 0 -42.59695923 -2.707902842 -39.66810293 95.58551134 -9.080852976 -87.64951128 0 0 0 0 0 0 0 0 0 0 0.5089067538 0 0 0 0 0 0 0 0 1 0 0 0 0 -0.6489108419 -0.2431976976 0 0 0 0 0 0 0 0 0 0 0 0 0 0 0 0 0 0 0 0 0 0 0 0 ] 32737.17362
[0 0 0 29.49084819 0 -26.93497919 -23.24526034 22.60356642 -43.36473441 25.64297843 30.28397783 0 0 0 0 0 0 0 0 0 0 -1.046159725 0 0 0 0 0 0 0 0 0 1 0 0 0 0.4683089595 0.2647532264 0 0 0 0 0 0 0 0 0 0 0 0 0 0 0 0 0 0 0 0 0 0 0 0 ] 75664.99497
[0 0 0 -48.19898447 0 -122.884182 -93.86058939 -93.31786275 10.664635 -198.6148122 78.13902155 0 0 0 0 0 0 0 0 0 0 -0.6245098905 0 0 0 0 0 0 0 0 0 0 1 0 0 -0.8103032175 0.5910152004 0 0 0 0 0 0 0 0 0 0 0 0 0 0 0 0 0 0 0 0 0 0 0 0 ] 46545.81556
[0 0 0 64.8784389 0 -13.45772863 23.90984656 -16.17651144 78.81928662 141.1607571 -91.81187923 0 0 0 0 0 0 0 0 0 0 0.4849053229 0 0 0 0 0 0 0 0 0 0 0 1 0 0.4718860623 -0.3940747847 0 0 0 0 0 0 0 0 0 0 0 0 0 0 0 0 0 0 0 0 0 0 0 0 ] 12109.00814
[0 0 0 -65.98607253 0 -29.30136162 -66.32180686 16.37716136 -84.88757677 -8.475329604 -15.20957642 0 0 0 0 0 0 0 0 0 0 -0.2451081957 0 0 0 0 0 0 0 0 0 0 0 0 1 -0.6303250053 -0.2124264836 0 0 0 0 0 0 0 0 0 0 0 0 0 0 0 0 0 0 0 0 0 0 0 0 ] 47859.45766
[0 0 1 0.1039357422 0 0.3462763289 0.4351952076 0.9417048379 -0.117663455 0.6784358769 -0.4028863039 0 0 0 0 0 0 0 0 0 0 -0.002103290005 0 0 0 0 0 0 0 0 0 0 0 0 0 0.009085608897 0.001294957679 0 0 0 0 0 0 0 0 0 0 0 0 0 0 0 0 0 0 0 0 0 0 0 0 ] 6.132164658
[0 0 0 0.2419840378 1 -0.1484741566 -0.9786848805 -0.556051343 -0.1154056992 -0.5546843787 1.14955774 0 0 0 0 0 0 0 0 0 0 1.974374936e-005 0 0 0 0 0 0 0 0 0 0 0 0 0 -0.004502736251 0.01047928532 0 0 0 0 0 0 0 0 0 0 0 0 0 0 0 0 0 0 0 0 0 0 0 0 ] 47.10809122
[0 0 0 -28.96249152 0 159.6313563 40.98856953 54.73822576 74.73038865 89.84129045 86.50896599 0 0 0 0 0 0 0 0 0 0 0.7228140185 0 0 0 0 0 0 0 0 0 0 0 0 0 0.3911794219 0.5853464215 1 0 0 0 0 0 0 0 0 0 0 0 0 0 0 0 0 0 0 0 0 0 0 0 ] 56762.37063
[0 0 0 32.93403729 0 -29.22964187 -139.9633637 22.53491856 -74.65119996 -56.67054535 50.63601585 0 0 0 0 0 0 0 0 0 0 -0.4770542791 0 0 0 0 0 0 0 0 0 0 0 0 0 -0.9094447129 -0.02710352228 0 1 0 0 0 0 0 0 0 0 0 0 0 0 0 0 0 0 0 0 0 0 0 0 ] 59927.73872
[0 0 0 89.78934116 0 -32.60422145 -36.76996209 94.68620446 -44.76916073 -35.35647223 -90.53920876 0 0 0 0 0 0 0 0 0 0 -0.7839638945 0 0 0 0 0 0 0 0 0 0 0 0 0 0.7310599374 -0.3356599987 0 0 1 0 0 0 0 0 0 0 0 0 0 0 0 0 0 0 0 0 0 0 0 0 ] 86883.73414
[0 0 0 -40.68303617 0 55.42541624 -26.03020678 29.32132836 -97.29468823 -79.01543148 25.92955663 0 0 0 0 0 0 0 0 0 0 -0.04819449219 0 0 0 0 0 0 0 0 0 0 0 0 0 -0.008820810376 -0.5799354728 0 0 0 1 0 0 0 0 0 0 0 0 0 0 0 0 0 0 0 0 0 0 0 0 ] 6051.14933
[0 0 0 31.17981678 0 -59.6883937 -119.1087985 -187.028424 -69.02549499 -220.8691071 101.0219899 0 0 0 0 0 0 0 0 0 0 -0.01214240586 0 0 0 0 0 0 0 0 0 0 0 0 0 -1.230817205 0.5552395265 0 0 0 0 1 0 0 0 0 0 0 0 0 0 0 0 0 0 0 0 0 0 0 0 ] 42011.5239
[0 0 0 -8.363944662 0 -24.02659367 87.39292616 -128.4354821 -38.19595091 -48.3878346 -115.6442176 0 0 0 0 0 0 0 0 0 0 0.2385811445 0 0 0 0 0 0 0 0 0 0 0 0 0 -0.2928880692 -0.8989607819 0 0 0 0 0 1 0 0 0 0 0 0 0 0 0 0 0 0 0 0 0 0 0 0 ] 10793.74983
[0 0 0 66.32227838 0 -6.323001933 -51.68169011 28.4885974 59.2338682 46.23047343 -8.546012227 0 0 0 0 0 0 0 0 0 0 -0.1787494541 0 0 0 0 0 0 0 0 0 0 0 0 0 0.2359784538 0.008451486124 0 0 0 0 0 0 1 0 0 0 0 0 0 0 0 0 0 0 0 0 0 0 0 0 ] 18749.75225
[0 0 0 -50.86524543 0 134.7396276 102.5147927 -13.65299548 0.4019548635 -28.52931482 55.77812439 0 0 0 0 0 0 0 0 0 0 0.07910158972 0 0 0 0 0 0 0 0 0 0 0 0 0 0.5484198032 0.3372731792 0 0 0 0 0 0 0 1 0 0 0 0 0 0 0 0 0 0 0 0 0 0 0 0 ] 54590.99912
[0 0 0 -91.58926962 0 22.57395428 -98.96861557 -75.72049122 -1.423724089 22.85112865 -35.26527005 0 0 0 0 0 0 0 0 0 0 0.66586027 0 0 0 0 0 0 0 0 0 0 0 0 0 0.02704312964 0.9445421308 0 0 0 0 0 0 0 0 1 0 0 0 0 0 0 0 0 0 0 0 0 0 0 0 ] 99903.8009
[0 0 0 28.67248139 0 31.94906461 68.89049536 96.54227717 77.51769505 152.3102777 -183.5025528 0 0 0 0 0 0 0 0 0 0 0.7969889621 0 0 0 0 0 0 0 0 0 0 0 0 0 0.592576118 -0.5746232428 0 0 0 0 0 0 0 0 0 1 0 0 0 0 0 0 0 0 0 0 0 0 0 0 ] 103492.0449
[0 0 0 63.84164584 0 -106.3917566 -139.4644996 -85.25760483 28.1600498 -98.73396924 149.6343667 0 0 0 0 0 0 0 0 0 0 -0.4189449405 0 0 0 0 0 0 0 0 0 0 0 0 0 -0.3382626894 0.1094001152 0 0 0 0 0 0 0 0 0 0 1 0 0 0 0 0 0 0 0 0 0 0 0 0 ] 84801.98791
[0 0 0 37.09008724 0 -171.5448648 -89.27584341 -93.34992892 18.50504046 -35.8229125 75.24979792 0 0 0 0 0 0 0 0 0 0 -0.6763302641 0 0 0 0 0 0 0 0 0 0 0 0 0 -0.3451509352 0.6748250936 0 0 0 0 0 0 0 0 0 0 0 1 0 0 0 0 0 0 0 0 0 0 0 0 ] 75749.34955
[0 0 0 42.99855987 0 96.99563779 3.701887967 -28.5890327 47.94768139 55.88353975 -25.34490704 0 0 0 0 0 0 0 0 0 0 0.9261119215 0 0 0 0 0 0 0 0 0 0 0 0 0 0.2037694302 1.194580457 0 0 0 0 0 0 0 0 0 0 0 0 1 0 0 0 0 0 0 0 0 0 0 0 ] 77194.24921
[0 0 0 -35.41783813 0 -23.24870969 -36.07529221 42.02300727 5.262280612 50.04989013 -2.614432449 0 0 0 0 0 0 0 0 0 0 0.07430502002 0 0 0 0 0 0 0 0 0 0 0 0 0 0.583496316 0.5561291566 0 0 0 0 0 0 0 0 0 0 0 0 0 1 0 0 0 0 0 0 0 0 0 0 ] 19990.44519
[0 0 0 -71.88248056 0 -5.51419111 -13.46422549 -39.84754806 16.3242063 -52.06017779 108.3116562 0 0 0 0 0 0 0 0 0 0 -0.3777525109 0 0 0 0 0 0 0 0 0 0 0 0 0 -0.08550088731 0.5611231638 0 0 0 0 0 0 0 0 0 0 0 0 0 0 1 0 0 0 0 0 0 0 0 0 ] 50680.73964
[0 0 0 59.44251085 0 -4.553168756 204.9463342 -29.62670842 128.2824425 123.6332401 -200.8652408 0 0 0 0 0 0 0 0 0 0 0.4939839634 0 0 0 0 0 0 0 0 0 0 0 0 0 0.5778925754 -0.8695704689 0 0 0 0 0 0 0 0 0 0 0 0 0 0 0 1 0 0 0 0 0 0 0 0 ] 20619.59338
[0 0 0 23.24650884 0 -2.221865157 -109.0517135 25.25594171 -111.9381208 0.2080003995 58.74291083 0 0 0 0 0 0 0 0 0 0 -0.6871835193 0 0 0 0 0 0 0 0 0 0 0 0 0 -0.1640879781 -0.2621702794 0 0 0 0 0 0 0 0 0 0 0 0 0 0 0 0 1 0 0 0 0 0 0 0 ] 14548.46058
[0 0 0 88.72060504 0 45.29402624 10.34660036 -36.04711091 -24.05982588 -38.06662006 1.153550623 0 0 0 0 0 0 0 0 0 0 0.4797522043 0 0 0 0 0 0 0 0 0 0 0 0 0 -0.3528997761 0.8708317461 0 0 0 0 0 0 0 0 0 0 0 0 0 0 0 0 0 1 0 0 0 0 0 0 ] 54892.79633
[0 0 0 -79.38642466 0 -68.08420245 -13.28711941 -52.48654405 -53.97714371 -30.11461247 63.8735076 0 0 0 0 0 0 0 0 0 0 0.3069862676 0 0 0 0 0 0 0 0 0 0 0 0 0 -0.5403388027 -0.1801710041 0 0 0 0 0 0 0 0 0 0 0 0 0 0 0 0 0 0 1 0 0 0 0 0 ] 50366.01247
[0 0 0 -29.93488279 0 -102.2535643 -29.37617301 -78.53880227 -8.160161295 -117.6526668 109.8260065 0 0 0 0 0 0 0 0 0 0 -0.1953574315 0 0 0 0 0 0 0 0 0 0 0 0 0 -0.7999551701 0.899405597 0 0 0 0 0 0 0 0 0 0 0 0 0 0 0 0 0 0 0 1 0 0 0 0 ] 65906.71081
[0 0 0 -117.4210157 0 110.2319879 65.09919608 -128.9476326 108.0371647 119.6703456 32.79228879 0 0 0 0 0 0 0 0 0 0 0.9757906791 0 0 0 0 0 0 0 0 0 0 0 0 0 -0.3023801671 -0.1435707384 0 0 0 0 0 0 0 0 0 0 0 0 0 0 0 0 0 0 0 0 1 0 0 0 ] 96542.34344
[0 0 0 -95.60716443 0 166.5310407 118.6061343 2.576431538 150.8874653 127.9636936 -36.58005045 0 0 0 0 0 0 0 0 0 0 0.7558058237 0 0 0 0 0 0 0 0 0 0 0 0 0 0.8671071458 0.09623219578 0 0 0 0 0 0 0 0 0 0 0 0 0 0 0 0 0 0 0 0 0 1 0 0 ] 74144.99106
[0 0 0 -63.63521449 0 116.0799471 -1.963222041 112.5519818 15.55230468 104.9743807 -39.78504632 0 0 0 0 0 0 0 0 0 0 0.340850282 0 0 0 0 0 0 0 0 0 0 0 0 0 0.5602033374 1.087770257 0 0 0 0 0 0 0 0 0 0 0 0 0 0 0 0 0 0 0 0 0 0 1 0 ] 44658.52563
[0 0 0 -37.56591625 0 97.94388594 183.2599625 -25.84124167 -38.10112516 115.5711147 -78.94156779 0 0 0 0 0 0 0 0 0 0 0.5777485622 0 0 0 0 0 0 0 0 0 0 0 0 0 0.8864014346 -0.7632190209 0 0 0 0 0 0 0 0 0 0 0 0 0 0 0 0 0 0 0 0 0 0 0 1 ] 58195.23875
......., row:17, col:3, val:57.65144617
feasible: 1


phase II result:  51X61
[1 0 0 0 0 133.2221659 116.5496639 57.3597296 12.13769661 176.2802748 32.90811612 0 0 0 0 0 0 0 0 0 0 0.178057097 0 0 0 0 0 0.006790849428 0 0 0 0 0 0 0 0.7668370543 0.1156933538 0 0 0 0 0 0 0 0 0 0 0 0 0 0 0 0 0 0 0 0 0 0 0 0 ] 3061.675508
[0 0 0 0 0 110.5761541 140.5906051 -47.25424162 66.83147236 61.76753331 -176.7215093 1 0 0 0 0 0 0 0 0 0 0.6007342907 0 0 0 0 0 -0.2405893343 0 0 0 0 0 0 0 0.4495471975 -0.1655126719 0 0 0 0 0 0 0 0 0 0 0 0 0 0 0 0 0 0 0 0 0 0 0 0 ] 54592.76247
[0 0 0 0 0 43.65084872 -51.0438216 97.30937902 -56.12348364 51.21534023 58.06739798 0 1 0 0 0 0 0 0 0 0 0.2375790647 0 0 0 0 0 0.1965170648 0 0 0 0 0 0 0 0.8704001471 0.424998056 0 0 0 0 0 0 0 0 0 0 0 0 0 0 0 0 0 0 0 0 0 0 0 0 ] 105607.0928
[0 0 0 0 0 -159.687889 -102.2615391 -111.2932228 98.87380691 -254.5934473 84.69988493 0 0 1 0 0 0 0 0 0 0 -0.02907144558 0 0 0 0 0 -0.803154247 0 0 0 0 0 0 0 -1.392469441 -0.3009445456 0 0 0 0 0 0 0 0 0 0 0 0 0 0 0 0 0 0 0 0 0 0 0 0 ] 8592.191909
[0 0 0 0 0 -83.89207869 -105.5938471 112.6174304 -210.865 28.33230388 99.60952511 0 0 0 1 0 0 0 0 0 0 -1.145014498 0 0 0 0 0 0.8414922399 0 0 0 0 0 0 0 0.6930971435 0.2205538949 0 0 0 0 0 0 0 0 0 0 0 0 0 0 0 0 0 0 0 0 0 0 0 0 ] 53748.12623
[0 0 0 0 0 9.982751823 29.52034388 -222.0171913 161.534253 -229.0313429 -20.6559295 0 0 0 0 1 0 0 0 0 0 0.8076487709 0 0 0 0 0 -1.411557756 0 0 0 0 0 0 0 -0.9212557318 -0.2423085818 0 0 0 0 0 0 0 0 0 0 0 0 0 0 0 0 0 0 0 0 0 0 0 0 ] 44408.04826
[0 0 0 0 0 -83.20806505 -141.3857181 -172.1780978 -35.47572973 -78.18394647 3.869815394 0 0 0 0 0 1 0 0 0 0 -0.1752056921 0 0 0 0 0 -0.4509427326 0 0 0 0 0 0 0 -0.9673566985 0.06556974311 0 0 0 0 0 0 0 0 0 0 0 0 0 0 0 0 0 0 0 0 0 0 0 0 ] 21751.6802
[0 0 0 0 0 -74.10224266 -124.5202661 -123.9054384 72.7216904 -18.13554477 137.4295139 0 0 0 0 0 0 1 0 0 0 0.09509282281 0 0 0 0 0 -0.09293287999 0 0 0 0 0 0 0 -0.6200343314 0.836680309 0 0 0 0 0 0 0 0 0 0 0 0 0 0 0 0 0 0 0 0 0 0 0 0 ] 13950.53065
[0 0 0 0 0 -307.6710907 -35.04578918 -236.4474211 1.595834789 -286.7173574 49.93534531 0 0 0 0 0 0 0 1 0 0 -0.04744720661 0 0 0 0 0 -1.227201109 0 0 0 0 0 0 0 -2.321779949 0.5870160279 0 0 0 0 0 0 0 0 0 0 0 0 0 0 0 0 0 0 0 0 0 0 0 0 ] 61013.40342
[0 0 0 0 0 60.04073343 54.78346782 -186.7268278 81.37221081 -86.72001785 -34.7729028 0 0 0 0 0 0 0 0 1 0 1.027913744 0 0 0 0 0 -0.8807473206 0 0 0 0 0 0 0 -1.129488813 -0.1508392067 0 0 0 0 0 0 0 0 0 0 0 0 0 0 0 0 0 0 0 0 0 0 0 0 ] 65231.03137
[0 0 0 0 0 -71.77824914 55.8728141 -106.8476859 49.34456788 -128.519079 -8.681695553 0 0 0 0 0 0 0 0 0 1 -0.04388489948 0 0 0 0 0 -0.8433408394 0 0 0 0 0 0 0 -0.5814910594 -0.9308752423 0 0 0 0 0 0 0 0 0 0 0 0 0 0 0 0 0 0 0 0 0 0 0 0 ] 82.51409798
[0 1 0 0 0 1.57250177 0.5352589075 -0.01581785078 0.4314215989 1.83505246 -0.3512004293 0 0 0 0 0 0 0 0 0 0 0.01013859057 0 0 0 0 0 0.004349015527 0 0 0 0 0 0 0 0.004882438949 0.002059781135 0 0 0 0 0 0 0 0 0 0 0 0 0 0 0 0 0 0 0 0 0 0 0 0 ] 98.37852555
[0 0 0 0 0 -4.894666753 -142.9850208 30.56962285 -71.05708007 175.2434355 65.08733225 0 0 0 0 0 0 0 0 0 0 -0.2283653178 1 0 0 0 0 0.7468721633 0 0 0 0 0 0 0 0.4393200891 0.5033695785 0 0 0 0 0 0 0 0 0 0 0 0 0 0 0 0 0 0 0 0 0 0 0 0 ] 75360.37687
[0 0 0 0 0 -20.14400402 -45.79919222 19.85737862 -48.2336565 -125.9161737 118.3797998 0 0 0 0 0 0 0 0 0 0 -0.4806492943 0 1 0 0 0 0.5168654792 0 0 0 0 0 0 0 -0.3247666889 0.8691655919 0 0 0 0 0 0 0 0 0 0 0 0 0 0 0 0 0 0 0 0 0 0 0 0 ] 9203.421364
[0 0 0 0 0 -64.42627836 142.3367715 -33.06640563 56.2395434 -26.37585634 -127.4196216 0 0 0 0 0 0 0 0 0 0 0.004870674182 0 0 1 0 0 0.07390264333 0 0 0 0 0 0 0 0.5751295434 -0.6873769081 0 0 0 0 0 0 0 0 0 0 0 0 0 0 0 0 0 0 0 0 0 0 0 0 ] 67892.85816
[0 0 0 0 0 167.5824641 -97.60239621 -30.56949013 -149.5595805 130.6675275 96.12704752 0 0 0 0 0 0 0 0 0 0 0.4054364709 0 0 0 1 0 1.435537978 0 0 0 0 0 0 0 0.1544870904 1.115087045 0 0 0 0 0 0 0 0 0 0 0 0 0 0 0 0 0 0 0 0 0 0 0 0 ] 68353.99815
[0 0 0 0 0 26.80850033 146.7785094 -91.31867282 143.3395486 -39.06407854 -26.0501532 0 0 0 0 0 0 0 0 0 0 1.092360234 0 0 0 0 1 -0.7316505687 0 0 0 0 0 0 0 -0.5182738266 -0.340604564 0 0 0 0 0 0 0 0 0 0 0 0 0 0 0 0 0 0 0 0 0 0 0 0 ] 77399.06057
[0 0 0 1 0 1.623127901 -0.5521388911 1.933475034 -1.435456995 2.735172082 0.586755813 0 0 0 0 0 0 0 0 0 0 -0.003776792546 0 0 0 0 0 0.01734561865 0 0 0 0 0 0 0 0.01445654228 0.00240192636 0 0 0 0 0 0 0 0 0 0 0 0 0 0 0 0 0 0 0 0 0 0 0 0 ] 44.03763416
[0 0 0 0 0 -199.9366075 -75.67593406 -37.89541488 106.7216728 -254.7708833 10.90062128 0 0 0 0 0 0 0 0 0 0 -0.6856856825 0 0 0 0 0 -1.418263835 1 0 0 0 0 0 0 -1.261036843 0.4313602569 0 0 0 0 0 0 0 0 0 0 0 0 0 0 0 0 0 0 0 0 0 0 0 0 ] 76899.28528
[0 0 0 0 0 -83.83158099 -28.05431995 -51.91392413 34.33066821 -140.1256693 0.3488839386 0 0 0 0 0 0 0 0 0 0 -0.5089875974 0 0 0 0 0 -0.8325539981 0 1 0 0 0 0 0 -1.037368608 -0.5428709337 0 0 0 0 0 0 0 0 0 0 0 0 0 0 0 0 0 0 0 0 0 0 0 0 ] 30946.45806
[0 0 0 0 0 13.18368475 -21.68278639 26.7779747 46.25439239 84.91645925 -67.48497768 0 0 0 0 0 0 0 0 0 0 0.3791129647 0 0 0 0 0 0.5961019941 0 0 1 0 0 0 0 -0.1520952567 -0.1606527552 0 0 0 0 0 0 0 0 0 0 0 0 0 0 0 0 0 0 0 0 0 0 0 0 ] 34250.57721
[0 0 0 0 0 -74.80239772 -6.96221612 -34.4162523 -1.031890095 -55.01956622 12.98005123 0 0 0 0 0 0 0 0 0 0 -0.934778909 0 0 0 0 0 -0.5115370064 0 0 0 1 0 0 0 0.04197326577 0.1939183807 0 0 0 0 0 0 0 0 0 0 0 0 0 0 0 0 0 0 0 0 0 0 0 0 ] 74366.28778
[0 0 0 0 0 -44.6510655 -120.4731232 -0.12632959 -58.52293441 -66.78229552 106.4200559 0 0 0 0 0 0 0 0 0 0 -0.8065474557 0 0 0 0 0 0.8360412041 0 0 0 0 1 0 0 -0.1135125607 0.7067856117 0 0 0 0 0 0 0 0 0 0 0 0 0 0 0 0 0 0 0 0 0 0 0 0 ] 48668.3848
[0 0 0 0 0 -118.763733 59.73175587 -141.6173533 171.9494955 -36.29293769 -129.8796804 0 0 0 0 0 0 0 0 0 0 0.7299377273 0 0 0 0 0 -1.12535666 0 0 0 0 0 1 0 -0.4660318326 -0.5499080172 0 0 0 0 0 0 0 0 0 0 0 0 0 0 0 0 0 0 0 0 0 0 0 0 ] 9251.915184
[0 0 0 0 0 77.80247378 -102.7552838 143.9595852 -179.6077461 172.0079338 23.50813522 0 0 0 0 0 0 0 0 0 0 -0.4943239026 0 0 0 0 0 1.14456925 0 0 0 0 0 0 1 0.3236054419 -0.05393279659 0 0 0 0 0 0 0 0 0 0 0 0 0 0 0 0 0 0 0 0 0 0 0 0 ] 50765.32818
[0 0 1 0 0 0.1775753257 0.4925821731 0.7407476751 0.03153183316 0.3941537365 -0.4638712048 0 0 0 0 0 0 0 0 0 0 -0.001710746269 0 0 0 0 0 -0.001802829749 0 0 0 0 0 0 0 0.007583057446 0.00104531168 0 0 0 0 0 0 0 0 0 0 0 0 0 0 0 0 0 0 0 0 0 0 0 0 ] 1.555080466
[0 0 0 0 1 -0.5412451999 -0.8450760822 -1.023921439 0.2319519804 -1.216552363 1.007572199 0 0 0 0 0 0 0 0 0 0 0.0009336672593 0 0 0 0 0 -0.004197362839 0 0 0 0 0 0 0 -0.008000988724 0.009898057484 0 0 0 0 0 0 0 0 0 0 0 0 0 0 0 0 0 0 0 0 0 0 0 0 ] 36.45168669
[0 0 0 0 0 206.6411844 24.99725158 110.73648 33.15597761 169.0586887 103.5028762 0 0 0 0 0 0 0 0 0 0 0.6134286964 0 0 0 0 0 0.5023723331 0 0 0 0 0 0 0 0.8098769051 0.6549121933 1 0 0 0 0 0 0 0 0 0 0 0 0 0 0 0 0 0 0 0 0 0 0 0 ] 58037.81024
[0 0 0 0 0 -82.6857967 -121.7792009 -41.14222033 -27.37580576 -146.7508047 31.31177802 0 0 0 0 0 0 0 0 0 0 -0.3526692525 0 0 0 0 0 -0.5712612516 0 0 0 0 0 0 0 -1.385557015 -0.1062086546 0 1 0 0 0 0 0 0 0 0 0 0 0 0 0 0 0 0 0 0 0 0 0 0 ] 58477.40163
[0 0 0 0 0 -178.3438063 12.80622517 -78.91924502 84.1195771 -280.9457714 -143.2236266 0 0 0 0 0 0 0 0 0 0 -0.4448481801 0 0 0 0 0 -1.557451671 0 0 0 0 0 0 0 -0.5669834693 -0.5513273841 0 0 1 0 0 0 0 0 0 0 0 0 0 0 0 0 0 0 0 0 0 0 0 0 ] 82929.62398
[0 0 0 0 0 121.4591874 -48.49289325 107.9809631 -155.6934371 32.25967326 49.80056459 0 0 0 0 0 0 0 0 0 0 -0.2018458799 0 0 0 0 0 0.705672431 0 0 0 0 0 0 0 0.579315222 -0.4822178158 0 0 0 1 0 0 0 0 0 0 0 0 0 0 0 0 0 0 0 0 0 0 0 0 ] 7842.733994
[0 0 0 0 0 -110.2972243 -101.893209 -247.3138213 -24.2682089 -306.1512714 82.72705115 0 0 0 0 0 0 0 0 0 0 0.1056172937 0 0 0 0 0 -0.5408332115 0 0 0 0 0 0 0 -1.681569545 0.4803479027 0 0 0 0 1 0 0 0 0 0 0 0 0 0 0 0 0 0 0 0 0 0 0 0 ] 40638.43853
[0 0 0 0 0 -10.45084172 82.77486703 -112.2640039 -50.20203377 -25.51100667 -110.7366245 0 0 0 0 0 0 0 0 0 0 0.2069922606 0 0 0 0 0 0.1450777945 0 0 0 0 0 0 0 -0.1719743496 -0.8788712028 0 0 0 0 0 1 0 0 0 0 0 0 0 0 0 0 0 0 0 0 0 0 0 0 ] 11162.07817
[0 0 0 0 0 -113.9725424 -15.06258087 -99.74387207 154.4366466 -135.1723708 -47.4609946 0 0 0 0 0 0 0 0 0 0 0.07173603246 0 0 0 0 0 -1.150400949 0 0 0 0 0 0 0 -0.7228123677 -0.1508497426 0 0 0 0 0 0 1 0 0 0 0 0 0 0 0 0 0 0 0 0 0 0 0 0 ] 15829.07602
[0 0 0 0 0 217.3004266 74.43011251 84.69368667 -72.61291747 110.5958844 85.62360282 0 0 0 0 0 0 0 0 0 0 -0.11300589 0 0 0 0 0 0.8822891498 0 0 0 0 0 0 0 1.283755374 0.4594477529 0 0 0 0 0 0 0 1 0 0 0 0 0 0 0 0 0 0 0 0 0 0 0 0 ] 56830.98418
[0 0 0 0 0 171.2350532 -149.5386133 101.365075 -132.8961818 273.3635419 18.47526631 0 0 0 0 0 0 0 0 0 0 0.3199465992 0 0 0 0 0 1.588672543 0 0 0 0 0 0 0 1.351107278 1.164532812 0 0 0 0 0 0 0 0 1 0 0 0 0 0 0 0 0 0 0 0 0 0 0 0 ] 103937.1757
[0 0 0 0 0 -14.59003994 84.72168744 41.10475023 118.675809 73.88610704 -200.3262979 0 0 0 0 0 0 0 0 0 0 0.9052789761 0 0 0 0 0 -0.4973419281 0 0 0 0 0 0 0 0.1780711785 -0.6434924317 0 0 0 0 0 0 0 0 0 1 0 0 0 0 0 0 0 0 0 0 0 0 0 0 ] 102229.3766
[0 0 0 0 0 -210.0149133 -104.215044 -208.6938332 119.8019869 -273.3518566 112.1749099 0 0 0 0 0 0 0 0 0 0 -0.1778282884 0 0 0 0 0 -1.107372843 0 0 0 0 0 0 0 -1.261192142 -0.04394281678 0 0 0 0 0 0 0 0 0 0 1 0 0 0 0 0 0 0 0 0 0 0 0 0 ] 81990.55286
[0 0 0 0 0 -231.7468202 -68.79696376 -165.0626866 71.74626563 -137.2706836 53.48697362 0 0 0 0 0 0 0 0 0 0 -0.5362486991 0 0 0 0 0 -0.6433505091 0 0 0 0 0 0 0 -0.8813453495 0.5857374354 0 0 0 0 0 0 0 0 0 0 0 1 0 0 0 0 0 0 0 0 0 0 0 0 ] 74115.98985
[0 0 0 0 0 27.20347556 27.44306513 -111.7256747 109.6702649 -61.72492076 -50.57456199 0 0 0 0 0 0 0 0 0 0 1.088508562 0 0 0 0 0 -0.745836622 0 0 0 0 0 0 0 -0.4178410685 1.091301083 0 0 0 0 0 0 0 0 0 0 0 0 1 0 0 0 0 0 0 0 0 0 0 0 ] 75300.69436
[0 0 0 0 0 34.23897158 -55.63085808 110.5025131 -45.57850287 146.9237722 18.16718996 0 0 0 0 0 0 0 0 0 0 -0.05946080701 0 0 0 0 0 0.6143443136 0 0 0 0 0 0 0 1.09551579 0.6412001956 0 0 0 0 0 0 0 0 0 0 0 0 0 1 0 0 0 0 0 0 0 0 0 0 ] 21550.16299
[0 0 0 0 0 111.1602687 -53.1533386 99.13543351 -86.86000322 144.5507762 150.4891196 0 0 0 0 0 0 0 0 0 0 -0.6492377277 0 0 0 0 0 1.246846095 0 0 0 0 0 0 0 0.953671232 0.7337795887 0 0 0 0 0 0 0 0 0 0 0 0 0 0 1 0 0 0 0 0 0 0 0 0 ] 53846.27402
[0 0 0 0 0 -101.0359666 237.7668562 -144.5573191 213.6096104 -38.95225604 -235.7434796 0 0 0 0 0 0 0 0 0 0 0.7184859953 0 0 0 0 0 -1.031067125 0 0 0 0 0 0 0 -0.2814405958 -1.012347003 0 0 0 0 0 0 0 0 0 0 0 0 0 0 0 1 0 0 0 0 0 0 0 0 ] 18001.88583
[0 0 0 0 0 -39.95392226 -96.21641191 -19.69060277 -78.56875705 -63.37520158 45.10288664 0 0 0 0 0 0 0 0 0 0 -0.599386278 0 0 0 0 0 -0.4032250773 0 0 0 0 0 0 0 -0.500152116 -0.3180066817 0 0 0 0 0 0 0 0 0 0 0 0 0 0 0 0 1 0 0 0 0 0 0 0 ] 13524.73933
[0 0 0 0 0 -98.71086321 59.33269685 -207.5861858 103.2947872 -280.7327421 -50.90378012 0 0 0 0 0 0 0 0 0 0 0.8148315241 0 0 0 0 0 -1.538913782 0 0 0 0 0 0 0 -1.635492954 0.6577313862 0 0 0 0 0 0 0 0 0 0 0 0 0 0 0 0 0 1 0 0 0 0 0 0 ] 50985.75079
[0 0 0 0 0 60.7701184 -57.11945189 101.0051261 -167.9329423 187.02092 110.4539537 0 0 0 0 0 0 0 0 0 0 0.00716021075 0 0 0 0 0 1.377006648 0 0 0 0 0 0 0 0.6073144017 0.01050934191 0 0 0 0 0 0 0 0 0 0 0 0 0 0 0 0 0 0 1 0 0 0 0 0 ] 53862.00279
[0 0 0 0 0 -53.66542085 -45.904386 -20.66045374 -51.13039819 -35.77561111 127.390473 0 0 0 0 0 0 0 0 0 0 -0.3084152737 0 0 0 0 0 0.5192390613 0 0 0 0 0 0 0 -0.3672002714 0.9713069811 0 0 0 0 0 0 0 0 0 0 0 0 0 0 0 0 0 0 0 1 0 0 0 0 ] 67224.97223
[0 0 0 0 0 300.8213147 0.2664866698 98.08296977 -60.51565363 440.8370296 101.6897523 0 0 0 0 0 0 0 0 0 0 0.5323158623 0 0 0 0 0 2.03674016 0 0 0 0 0 0 0 1.395121711 0.1384658945 0 0 0 0 0 0 0 0 0 0 0 0 0 0 0 0 0 0 0 0 1 0 0 0 ] 101713.2872
[0 0 0 0 0 321.7136968 65.81770052 187.4304971 13.64749235 389.4657405 19.51800904 0 0 0 0 0 0 0 0 0 0 0.3947173978 0 0 0 0 0 1.658365414 0 0 0 0 0 0 0 2.24925616 0.3258735642 0 0 0 0 0 0 0 0 0 0 0 0 0 0 0 0 0 0 0 0 0 1 0 0 ] 78355.30439
[0 0 0 0 0 219.3680392 -37.0986988 235.5890803 -75.79330907 279.0276428 -2.446714306 0 0 0 0 0 0 0 0 0 0 0.1005132783 0 0 0 0 0 1.103792163 0 0 0 0 0 0 0 1.480148506 1.240617356 0 0 0 0 0 0 0 0 0 0 0 0 0 0 0 0 0 0 0 0 0 0 1 0 ] 47460.86993
[0 0 0 0 0 158.9181727 162.5183591 46.79151954 -92.02538241 218.32036 -56.89954806 0 0 0 0 0 0 0 0 0 0 0.4358698897 0 0 0 0 0 0.6516040576 0 0 0 0 0 0 0 1.429474691 -0.6729884564 0 0 0 0 0 0 0 0 0 0 0 0 0 0 0 0 0 0 0 0 0 0 0 1 ] 59849.55282
newB.size()-n=1, n=50

phase II result: 51X61
[1 0 0 0 0 133.2221659 116.5496639 57.3597296 12.13769661 176.2802748 32.90811612 0 0 0 0 0 0 0 0 0 0 0.178057097 0 0 0 0 0 0.006790849428 0 0 0 0 0 0 0 0.7668370543 0.1156933538 0 0 0 0 0 0 0 0 0 0 0 0 0 0 0 0 0 0 0 0 0 0 0 0 ] 3061.675508
[0 0 0 0 0 110.5761541 140.5906051 -47.25424162 66.83147236 61.76753331 -176.7215093 1 0 0 0 0 0 0 0 0 0 0.6007342907 0 0 0 0 0 -0.2405893343 0 0 0 0 0 0 0 0.4495471975 -0.1655126719 0 0 0 0 0 0 0 0 0 0 0 0 0 0 0 0 0 0 0 0 0 0 0 0 ] 54592.76247
[0 0 0 0 0 43.65084872 -51.0438216 97.30937902 -56.12348364 51.21534023 58.06739798 0 1 0 0 0 0 0 0 0 0 0.2375790647 0 0 0 0 0 0.1965170648 0 0 0 0 0 0 0 0.8704001471 0.424998056 0 0 0 0 0 0 0 0 0 0 0 0 0 0 0 0 0 0 0 0 0 0 0 0 ] 105607.0928
[0 0 0 0 0 -159.687889 -102.2615391 -111.2932228 98.87380691 -254.5934473 84.69988493 0 0 1 0 0 0 0 0 0 0 -0.02907144558 0 0 0 0 0 -0.803154247 0 0 0 0 0 0 0 -1.392469441 -0.3009445456 0 0 0 0 0 0 0 0 0 0 0 0 0 0 0 0 0 0 0 0 0 0 0 0 ] 8592.191909
[0 0 0 0 0 -83.89207869 -105.5938471 112.6174304 -210.865 28.33230388 99.60952511 0 0 0 1 0 0 0 0 0 0 -1.145014498 0 0 0 0 0 0.8414922399 0 0 0 0 0 0 0 0.6930971435 0.2205538949 0 0 0 0 0 0 0 0 0 0 0 0 0 0 0 0 0 0 0 0 0 0 0 0 ] 53748.12623
[0 0 0 0 0 9.982751823 29.52034388 -222.0171913 161.534253 -229.0313429 -20.6559295 0 0 0 0 1 0 0 0 0 0 0.8076487709 0 0 0 0 0 -1.411557756 0 0 0 0 0 0 0 -0.9212557318 -0.2423085818 0 0 0 0 0 0 0 0 0 0 0 0 0 0 0 0 0 0 0 0 0 0 0 0 ] 44408.04826
[0 0 0 0 0 -83.20806505 -141.3857181 -172.1780978 -35.47572973 -78.18394647 3.869815394 0 0 0 0 0 1 0 0 0 0 -0.1752056921 0 0 0 0 0 -0.4509427326 0 0 0 0 0 0 0 -0.9673566985 0.06556974311 0 0 0 0 0 0 0 0 0 0 0 0 0 0 0 0 0 0 0 0 0 0 0 0 ] 21751.6802
[0 0 0 0 0 -74.10224266 -124.5202661 -123.9054384 72.7216904 -18.13554477 137.4295139 0 0 0 0 0 0 1 0 0 0 0.09509282281 0 0 0 0 0 -0.09293287999 0 0 0 0 0 0 0 -0.6200343314 0.836680309 0 0 0 0 0 0 0 0 0 0 0 0 0 0 0 0 0 0 0 0 0 0 0 0 ] 13950.53065
[0 0 0 0 0 -307.6710907 -35.04578918 -236.4474211 1.595834789 -286.7173574 49.93534531 0 0 0 0 0 0 0 1 0 0 -0.04744720661 0 0 0 0 0 -1.227201109 0 0 0 0 0 0 0 -2.321779949 0.5870160279 0 0 0 0 0 0 0 0 0 0 0 0 0 0 0 0 0 0 0 0 0 0 0 0 ] 61013.40342
[0 0 0 0 0 60.04073343 54.78346782 -186.7268278 81.37221081 -86.72001785 -34.7729028 0 0 0 0 0 0 0 0 1 0 1.027913744 0 0 0 0 0 -0.8807473206 0 0 0 0 0 0 0 -1.129488813 -0.1508392067 0 0 0 0 0 0 0 0 0 0 0 0 0 0 0 0 0 0 0 0 0 0 0 0 ] 65231.03137
[0 0 0 0 0 -71.77824914 55.8728141 -106.8476859 49.34456788 -128.519079 -8.681695553 0 0 0 0 0 0 0 0 0 1 -0.04388489948 0 0 0 0 0 -0.8433408394 0 0 0 0 0 0 0 -0.5814910594 -0.9308752423 0 0 0 0 0 0 0 0 0 0 0 0 0 0 0 0 0 0 0 0 0 0 0 0 ] 82.51409798
[0 1 0 0 0 1.57250177 0.5352589075 -0.01581785078 0.4314215989 1.83505246 -0.3512004293 0 0 0 0 0 0 0 0 0 0 0.01013859057 0 0 0 0 0 0.004349015527 0 0 0 0 0 0 0 0.004882438949 0.002059781135 0 0 0 0 0 0 0 0 0 0 0 0 0 0 0 0 0 0 0 0 0 0 0 0 ] 98.37852555
[0 0 0 0 0 -4.894666753 -142.9850208 30.56962285 -71.05708007 175.2434355 65.08733225 0 0 0 0 0 0 0 0 0 0 -0.2283653178 1 0 0 0 0 0.7468721633 0 0 0 0 0 0 0 0.4393200891 0.5033695785 0 0 0 0 0 0 0 0 0 0 0 0 0 0 0 0 0 0 0 0 0 0 0 0 ] 75360.37687
[0 0 0 0 0 -20.14400402 -45.79919222 19.85737862 -48.2336565 -125.9161737 118.3797998 0 0 0 0 0 0 0 0 0 0 -0.4806492943 0 1 0 0 0 0.5168654792 0 0 0 0 0 0 0 -0.3247666889 0.8691655919 0 0 0 0 0 0 0 0 0 0 0 0 0 0 0 0 0 0 0 0 0 0 0 0 ] 9203.421364
[0 0 0 0 0 -64.42627836 142.3367715 -33.06640563 56.2395434 -26.37585634 -127.4196216 0 0 0 0 0 0 0 0 0 0 0.004870674182 0 0 1 0 0 0.07390264333 0 0 0 0 0 0 0 0.5751295434 -0.6873769081 0 0 0 0 0 0 0 0 0 0 0 0 0 0 0 0 0 0 0 0 0 0 0 0 ] 67892.85816
[0 0 0 0 0 167.5824641 -97.60239621 -30.56949013 -149.5595805 130.6675275 96.12704752 0 0 0 0 0 0 0 0 0 0 0.4054364709 0 0 0 1 0 1.435537978 0 0 0 0 0 0 0 0.1544870904 1.115087045 0 0 0 0 0 0 0 0 0 0 0 0 0 0 0 0 0 0 0 0 0 0 0 0 ] 68353.99815
[0 0 0 0 0 26.80850033 146.7785094 -91.31867282 143.3395486 -39.06407854 -26.0501532 0 0 0 0 0 0 0 0 0 0 1.092360234 0 0 0 0 1 -0.7316505687 0 0 0 0 0 0 0 -0.5182738266 -0.340604564 0 0 0 0 0 0 0 0 0 0 0 0 0 0 0 0 0 0 0 0 0 0 0 0 ] 77399.06057
[0 0 0 1 0 1.623127901 -0.5521388911 1.933475034 -1.435456995 2.735172082 0.586755813 0 0 0 0 0 0 0 0 0 0 -0.003776792546 0 0 0 0 0 0.01734561865 0 0 0 0 0 0 0 0.01445654228 0.00240192636 0 0 0 0 0 0 0 0 0 0 0 0 0 0 0 0 0 0 0 0 0 0 0 0 ] 44.03763416
[0 0 0 0 0 -199.9366075 -75.67593406 -37.89541488 106.7216728 -254.7708833 10.90062128 0 0 0 0 0 0 0 0 0 0 -0.6856856825 0 0 0 0 0 -1.418263835 1 0 0 0 0 0 0 -1.261036843 0.4313602569 0 0 0 0 0 0 0 0 0 0 0 0 0 0 0 0 0 0 0 0 0 0 0 0 ] 76899.28528
[0 0 0 0 0 -83.83158099 -28.05431995 -51.91392413 34.33066821 -140.1256693 0.3488839386 0 0 0 0 0 0 0 0 0 0 -0.5089875974 0 0 0 0 0 -0.8325539981 0 1 0 0 0 0 0 -1.037368608 -0.5428709337 0 0 0 0 0 0 0 0 0 0 0 0 0 0 0 0 0 0 0 0 0 0 0 0 ] 30946.45806
[0 0 0 0 0 13.18368475 -21.68278639 26.7779747 46.25439239 84.91645925 -67.48497768 0 0 0 0 0 0 0 0 0 0 0.3791129647 0 0 0 0 0 0.5961019941 0 0 1 0 0 0 0 -0.1520952567 -0.1606527552 0 0 0 0 0 0 0 0 0 0 0 0 0 0 0 0 0 0 0 0 0 0 0 0 ] 34250.57721
[0 0 0 0 0 -74.80239772 -6.96221612 -34.4162523 -1.031890095 -55.01956622 12.98005123 0 0 0 0 0 0 0 0 0 0 -0.934778909 0 0 0 0 0 -0.5115370064 0 0 0 1 0 0 0 0.04197326577 0.1939183807 0 0 0 0 0 0 0 0 0 0 0 0 0 0 0 0 0 0 0 0 0 0 0 0 ] 74366.28778
[0 0 0 0 0 -44.6510655 -120.4731232 -0.12632959 -58.52293441 -66.78229552 106.4200559 0 0 0 0 0 0 0 0 0 0 -0.8065474557 0 0 0 0 0 0.8360412041 0 0 0 0 1 0 0 -0.1135125607 0.7067856117 0 0 0 0 0 0 0 0 0 0 0 0 0 0 0 0 0 0 0 0 0 0 0 0 ] 48668.3848
[0 0 0 0 0 -118.763733 59.73175587 -141.6173533 171.9494955 -36.29293769 -129.8796804 0 0 0 0 0 0 0 0 0 0 0.7299377273 0 0 0 0 0 -1.12535666 0 0 0 0 0 1 0 -0.4660318326 -0.5499080172 0 0 0 0 0 0 0 0 0 0 0 0 0 0 0 0 0 0 0 0 0 0 0 0 ] 9251.915184
[0 0 0 0 0 77.80247378 -102.7552838 143.9595852 -179.6077461 172.0079338 23.50813522 0 0 0 0 0 0 0 0 0 0 -0.4943239026 0 0 0 0 0 1.14456925 0 0 0 0 0 0 1 0.3236054419 -0.05393279659 0 0 0 0 0 0 0 0 0 0 0 0 0 0 0 0 0 0 0 0 0 0 0 0 ] 50765.32818
[0 0 1 0 0 0.1775753257 0.4925821731 0.7407476751 0.03153183316 0.3941537365 -0.4638712048 0 0 0 0 0 0 0 0 0 0 -0.001710746269 0 0 0 0 0 -0.001802829749 0 0 0 0 0 0 0 0.007583057446 0.00104531168 0 0 0 0 0 0 0 0 0 0 0 0 0 0 0 0 0 0 0 0 0 0 0 0 ] 1.555080466
[0 0 0 0 1 -0.5412451999 -0.8450760822 -1.023921439 0.2319519804 -1.216552363 1.007572199 0 0 0 0 0 0 0 0 0 0 0.0009336672593 0 0 0 0 0 -0.004197362839 0 0 0 0 0 0 0 -0.008000988724 0.009898057484 0 0 0 0 0 0 0 0 0 0 0 0 0 0 0 0 0 0 0 0 0 0 0 0 ] 36.45168669
[0 0 0 0 0 206.6411844 24.99725158 110.73648 33.15597761 169.0586887 103.5028762 0 0 0 0 0 0 0 0 0 0 0.6134286964 0 0 0 0 0 0.5023723331 0 0 0 0 0 0 0 0.8098769051 0.6549121933 1 0 0 0 0 0 0 0 0 0 0 0 0 0 0 0 0 0 0 0 0 0 0 0 ] 58037.81024
[0 0 0 0 0 -82.6857967 -121.7792009 -41.14222033 -27.37580576 -146.7508047 31.31177802 0 0 0 0 0 0 0 0 0 0 -0.3526692525 0 0 0 0 0 -0.5712612516 0 0 0 0 0 0 0 -1.385557015 -0.1062086546 0 1 0 0 0 0 0 0 0 0 0 0 0 0 0 0 0 0 0 0 0 0 0 0 ] 58477.40163
[0 0 0 0 0 -178.3438063 12.80622517 -78.91924502 84.1195771 -280.9457714 -143.2236266 0 0 0 0 0 0 0 0 0 0 -0.4448481801 0 0 0 0 0 -1.557451671 0 0 0 0 0 0 0 -0.5669834693 -0.5513273841 0 0 1 0 0 0 0 0 0 0 0 0 0 0 0 0 0 0 0 0 0 0 0 0 ] 82929.62398
[0 0 0 0 0 121.4591874 -48.49289325 107.9809631 -155.6934371 32.25967326 49.80056459 0 0 0 0 0 0 0 0 0 0 -0.2018458799 0 0 0 0 0 0.705672431 0 0 0 0 0 0 0 0.579315222 -0.4822178158 0 0 0 1 0 0 0 0 0 0 0 0 0 0 0 0 0 0 0 0 0 0 0 0 ] 7842.733994
[0 0 0 0 0 -110.2972243 -101.893209 -247.3138213 -24.2682089 -306.1512714 82.72705115 0 0 0 0 0 0 0 0 0 0 0.1056172937 0 0 0 0 0 -0.5408332115 0 0 0 0 0 0 0 -1.681569545 0.4803479027 0 0 0 0 1 0 0 0 0 0 0 0 0 0 0 0 0 0 0 0 0 0 0 0 ] 40638.43853
[0 0 0 0 0 -10.45084172 82.77486703 -112.2640039 -50.20203377 -25.51100667 -110.7366245 0 0 0 0 0 0 0 0 0 0 0.2069922606 0 0 0 0 0 0.1450777945 0 0 0 0 0 0 0 -0.1719743496 -0.8788712028 0 0 0 0 0 1 0 0 0 0 0 0 0 0 0 0 0 0 0 0 0 0 0 0 ] 11162.07817
[0 0 0 0 0 -113.9725424 -15.06258087 -99.74387207 154.4366466 -135.1723708 -47.4609946 0 0 0 0 0 0 0 0 0 0 0.07173603246 0 0 0 0 0 -1.150400949 0 0 0 0 0 0 0 -0.7228123677 -0.1508497426 0 0 0 0 0 0 1 0 0 0 0 0 0 0 0 0 0 0 0 0 0 0 0 0 ] 15829.07602
[0 0 0 0 0 217.3004266 74.43011251 84.69368667 -72.61291747 110.5958844 85.62360282 0 0 0 0 0 0 0 0 0 0 -0.11300589 0 0 0 0 0 0.8822891498 0 0 0 0 0 0 0 1.283755374 0.4594477529 0 0 0 0 0 0 0 1 0 0 0 0 0 0 0 0 0 0 0 0 0 0 0 0 ] 56830.98418
[0 0 0 0 0 171.2350532 -149.5386133 101.365075 -132.8961818 273.3635419 18.47526631 0 0 0 0 0 0 0 0 0 0 0.3199465992 0 0 0 0 0 1.588672543 0 0 0 0 0 0 0 1.351107278 1.164532812 0 0 0 0 0 0 0 0 1 0 0 0 0 0 0 0 0 0 0 0 0 0 0 0 ] 103937.1757
[0 0 0 0 0 -14.59003994 84.72168744 41.10475023 118.675809 73.88610704 -200.3262979 0 0 0 0 0 0 0 0 0 0 0.9052789761 0 0 0 0 0 -0.4973419281 0 0 0 0 0 0 0 0.1780711785 -0.6434924317 0 0 0 0 0 0 0 0 0 1 0 0 0 0 0 0 0 0 0 0 0 0 0 0 ] 102229.3766
[0 0 0 0 0 -210.0149133 -104.215044 -208.6938332 119.8019869 -273.3518566 112.1749099 0 0 0 0 0 0 0 0 0 0 -0.1778282884 0 0 0 0 0 -1.107372843 0 0 0 0 0 0 0 -1.261192142 -0.04394281678 0 0 0 0 0 0 0 0 0 0 1 0 0 0 0 0 0 0 0 0 0 0 0 0 ] 81990.55286
[0 0 0 0 0 -231.7468202 -68.79696376 -165.0626866 71.74626563 -137.2706836 53.48697362 0 0 0 0 0 0 0 0 0 0 -0.5362486991 0 0 0 0 0 -0.6433505091 0 0 0 0 0 0 0 -0.8813453495 0.5857374354 0 0 0 0 0 0 0 0 0 0 0 1 0 0 0 0 0 0 0 0 0 0 0 0 ] 74115.98985
[0 0 0 0 0 27.20347556 27.44306513 -111.7256747 109.6702649 -61.72492076 -50.57456199 0 0 0 0 0 0 0 0 0 0 1.088508562 0 0 0 0 0 -0.745836622 0 0 0 0 0 0 0 -0.4178410685 1.091301083 0 0 0 0 0 0 0 0 0 0 0 0 1 0 0 0 0 0 0 0 0 0 0 0 ] 75300.69436
[0 0 0 0 0 34.23897158 -55.63085808 110.5025131 -45.57850287 146.9237722 18.16718996 0 0 0 0 0 0 0 0 0 0 -0.05946080701 0 0 0 0 0 0.6143443136 0 0 0 0 0 0 0 1.09551579 0.6412001956 0 0 0 0 0 0 0 0 0 0 0 0 0 1 0 0 0 0 0 0 0 0 0 0 ] 21550.16299
[0 0 0 0 0 111.1602687 -53.1533386 99.13543351 -86.86000322 144.5507762 150.4891196 0 0 0 0 0 0 0 0 0 0 -0.6492377277 0 0 0 0 0 1.246846095 0 0 0 0 0 0 0 0.953671232 0.7337795887 0 0 0 0 0 0 0 0 0 0 0 0 0 0 1 0 0 0 0 0 0 0 0 0 ] 53846.27402
[0 0 0 0 0 -101.0359666 237.7668562 -144.5573191 213.6096104 -38.95225604 -235.7434796 0 0 0 0 0 0 0 0 0 0 0.7184859953 0 0 0 0 0 -1.031067125 0 0 0 0 0 0 0 -0.2814405958 -1.012347003 0 0 0 0 0 0 0 0 0 0 0 0 0 0 0 1 0 0 0 0 0 0 0 0 ] 18001.88583
[0 0 0 0 0 -39.95392226 -96.21641191 -19.69060277 -78.56875705 -63.37520158 45.10288664 0 0 0 0 0 0 0 0 0 0 -0.599386278 0 0 0 0 0 -0.4032250773 0 0 0 0 0 0 0 -0.500152116 -0.3180066817 0 0 0 0 0 0 0 0 0 0 0 0 0 0 0 0 1 0 0 0 0 0 0 0 ] 13524.73933
[0 0 0 0 0 -98.71086321 59.33269685 -207.5861858 103.2947872 -280.7327421 -50.90378012 0 0 0 0 0 0 0 0 0 0 0.8148315241 0 0 0 0 0 -1.538913782 0 0 0 0 0 0 0 -1.635492954 0.6577313862 0 0 0 0 0 0 0 0 0 0 0 0 0 0 0 0 0 1 0 0 0 0 0 0 ] 50985.75079
[0 0 0 0 0 60.7701184 -57.11945189 101.0051261 -167.9329423 187.02092 110.4539537 0 0 0 0 0 0 0 0 0 0 0.00716021075 0 0 0 0 0 1.377006648 0 0 0 0 0 0 0 0.6073144017 0.01050934191 0 0 0 0 0 0 0 0 0 0 0 0 0 0 0 0 0 0 1 0 0 0 0 0 ] 53862.00279
[0 0 0 0 0 -53.66542085 -45.904386 -20.66045374 -51.13039819 -35.77561111 127.390473 0 0 0 0 0 0 0 0 0 0 -0.3084152737 0 0 0 0 0 0.5192390613 0 0 0 0 0 0 0 -0.3672002714 0.9713069811 0 0 0 0 0 0 0 0 0 0 0 0 0 0 0 0 0 0 0 1 0 0 0 0 ] 67224.97223
[0 0 0 0 0 300.8213147 0.2664866698 98.08296977 -60.51565363 440.8370296 101.6897523 0 0 0 0 0 0 0 0 0 0 0.5323158623 0 0 0 0 0 2.03674016 0 0 0 0 0 0 0 1.395121711 0.1384658945 0 0 0 0 0 0 0 0 0 0 0 0 0 0 0 0 0 0 0 0 1 0 0 0 ] 101713.2872
[0 0 0 0 0 321.7136968 65.81770052 187.4304971 13.64749235 389.4657405 19.51800904 0 0 0 0 0 0 0 0 0 0 0.3947173978 0 0 0 0 0 1.658365414 0 0 0 0 0 0 0 2.24925616 0.3258735642 0 0 0 0 0 0 0 0 0 0 0 0 0 0 0 0 0 0 0 0 0 1 0 0 ] 78355.30439
[0 0 0 0 0 219.3680392 -37.0986988 235.5890803 -75.79330907 279.0276428 -2.446714306 0 0 0 0 0 0 0 0 0 0 0.1005132783 0 0 0 0 0 1.103792163 0 0 0 0 0 0 0 1.480148506 1.240617356 0 0 0 0 0 0 0 0 0 0 0 0 0 0 0 0 0 0 0 0 0 0 1 0 ] 47460.86993
[0 0 0 0 0 158.9181727 162.5183591 46.79151954 -92.02538241 218.32036 -56.89954806 0 0 0 0 0 0 0 0 0 0 0.4358698897 0 0 0 0 0 0.6516040576 0 0 0 0 0 0 0 1.429474691 -0.6729884564 0 0 0 0 0 0 0 0 0 0 0 0 0 0 0 0 0 0 0 0 0 0 0 1 ] 59849.55282
new A b: 61X61
[1 0 0 0 0 133.2221659 116.5496639 57.3597296 12.13769661 176.2802748 32.90811612 0 0 0 0 0 0 0 0 0 0 0.178057097 0 0 0 0 0 0.006790849428 0 0 0 0 0 0 0 0.7668370543 0.1156933538 0 0 0 0 0 0 0 0 0 0 0 0 0 0 0 0 0 0 0 0 0 0 0 0 ] 3061.675508
[0 0 0 0 0 110.5761541 140.5906051 -47.25424162 66.83147236 61.76753331 -176.7215093 1 0 0 0 0 0 0 0 0 0 0.6007342907 0 0 0 0 0 -0.2405893343 0 0 0 0 0 0 0 0.4495471975 -0.1655126719 0 0 0 0 0 0 0 0 0 0 0 0 0 0 0 0 0 0 0 0 0 0 0 0 ] 54592.76247
[0 0 0 0 0 43.65084872 -51.0438216 97.30937902 -56.12348364 51.21534023 58.06739798 0 1 0 0 0 0 0 0 0 0 0.2375790647 0 0 0 0 0 0.1965170648 0 0 0 0 0 0 0 0.8704001471 0.424998056 0 0 0 0 0 0 0 0 0 0 0 0 0 0 0 0 0 0 0 0 0 0 0 0 ] 105607.0928
[0 0 0 0 0 -159.687889 -102.2615391 -111.2932228 98.87380691 -254.5934473 84.69988493 0 0 1 0 0 0 0 0 0 0 -0.02907144558 0 0 0 0 0 -0.803154247 0 0 0 0 0 0 0 -1.392469441 -0.3009445456 0 0 0 0 0 0 0 0 0 0 0 0 0 0 0 0 0 0 0 0 0 0 0 0 ] 8592.191909
[0 0 0 0 0 -83.89207869 -105.5938471 112.6174304 -210.865 28.33230388 99.60952511 0 0 0 1 0 0 0 0 0 0 -1.145014498 0 0 0 0 0 0.8414922399 0 0 0 0 0 0 0 0.6930971435 0.2205538949 0 0 0 0 0 0 0 0 0 0 0 0 0 0 0 0 0 0 0 0 0 0 0 0 ] 53748.12623
[0 0 0 0 0 9.982751823 29.52034388 -222.0171913 161.534253 -229.0313429 -20.6559295 0 0 0 0 1 0 0 0 0 0 0.8076487709 0 0 0 0 0 -1.411557756 0 0 0 0 0 0 0 -0.9212557318 -0.2423085818 0 0 0 0 0 0 0 0 0 0 0 0 0 0 0 0 0 0 0 0 0 0 0 0 ] 44408.04826
[0 0 0 0 0 -83.20806505 -141.3857181 -172.1780978 -35.47572973 -78.18394647 3.869815394 0 0 0 0 0 1 0 0 0 0 -0.1752056921 0 0 0 0 0 -0.4509427326 0 0 0 0 0 0 0 -0.9673566985 0.06556974311 0 0 0 0 0 0 0 0 0 0 0 0 0 0 0 0 0 0 0 0 0 0 0 0 ] 21751.6802
[0 0 0 0 0 -74.10224266 -124.5202661 -123.9054384 72.7216904 -18.13554477 137.4295139 0 0 0 0 0 0 1 0 0 0 0.09509282281 0 0 0 0 0 -0.09293287999 0 0 0 0 0 0 0 -0.6200343314 0.836680309 0 0 0 0 0 0 0 0 0 0 0 0 0 0 0 0 0 0 0 0 0 0 0 0 ] 13950.53065
[0 0 0 0 0 -307.6710907 -35.04578918 -236.4474211 1.595834789 -286.7173574 49.93534531 0 0 0 0 0 0 0 1 0 0 -0.04744720661 0 0 0 0 0 -1.227201109 0 0 0 0 0 0 0 -2.321779949 0.5870160279 0 0 0 0 0 0 0 0 0 0 0 0 0 0 0 0 0 0 0 0 0 0 0 0 ] 61013.40342
[0 0 0 0 0 60.04073343 54.78346782 -186.7268278 81.37221081 -86.72001785 -34.7729028 0 0 0 0 0 0 0 0 1 0 1.027913744 0 0 0 0 0 -0.8807473206 0 0 0 0 0 0 0 -1.129488813 -0.1508392067 0 0 0 0 0 0 0 0 0 0 0 0 0 0 0 0 0 0 0 0 0 0 0 0 ] 65231.03137
[0 0 0 0 0 -71.77824914 55.8728141 -106.8476859 49.34456788 -128.519079 -8.681695553 0 0 0 0 0 0 0 0 0 1 -0.04388489948 0 0 0 0 0 -0.8433408394 0 0 0 0 0 0 0 -0.5814910594 -0.9308752423 0 0 0 0 0 0 0 0 0 0 0 0 0 0 0 0 0 0 0 0 0 0 0 0 ] 82.51409798
[0 1 0 0 0 1.57250177 0.5352589075 -0.01581785078 0.4314215989 1.83505246 -0.3512004293 0 0 0 0 0 0 0 0 0 0 0.01013859057 0 0 0 0 0 0.004349015527 0 0 0 0 0 0 0 0.004882438949 0.002059781135 0 0 0 0 0 0 0 0 0 0 0 0 0 0 0 0 0 0 0 0 0 0 0 0 ] 98.37852555
[0 0 0 0 0 -4.894666753 -142.9850208 30.56962285 -71.05708007 175.2434355 65.08733225 0 0 0 0 0 0 0 0 0 0 -0.2283653178 1 0 0 0 0 0.7468721633 0 0 0 0 0 0 0 0.4393200891 0.5033695785 0 0 0 0 0 0 0 0 0 0 0 0 0 0 0 0 0 0 0 0 0 0 0 0 ] 75360.37687
[0 0 0 0 0 -20.14400402 -45.79919222 19.85737862 -48.2336565 -125.9161737 118.3797998 0 0 0 0 0 0 0 0 0 0 -0.4806492943 0 1 0 0 0 0.5168654792 0 0 0 0 0 0 0 -0.3247666889 0.8691655919 0 0 0 0 0 0 0 0 0 0 0 0 0 0 0 0 0 0 0 0 0 0 0 0 ] 9203.421364
[0 0 0 0 0 -64.42627836 142.3367715 -33.06640563 56.2395434 -26.37585634 -127.4196216 0 0 0 0 0 0 0 0 0 0 0.004870674182 0 0 1 0 0 0.07390264333 0 0 0 0 0 0 0 0.5751295434 -0.6873769081 0 0 0 0 0 0 0 0 0 0 0 0 0 0 0 0 0 0 0 0 0 0 0 0 ] 67892.85816
[0 0 0 0 0 167.5824641 -97.60239621 -30.56949013 -149.5595805 130.6675275 96.12704752 0 0 0 0 0 0 0 0 0 0 0.4054364709 0 0 0 1 0 1.435537978 0 0 0 0 0 0 0 0.1544870904 1.115087045 0 0 0 0 0 0 0 0 0 0 0 0 0 0 0 0 0 0 0 0 0 0 0 0 ] 68353.99815
[0 0 0 0 0 26.80850033 146.7785094 -91.31867282 143.3395486 -39.06407854 -26.0501532 0 0 0 0 0 0 0 0 0 0 1.092360234 0 0 0 0 1 -0.7316505687 0 0 0 0 0 0 0 -0.5182738266 -0.340604564 0 0 0 0 0 0 0 0 0 0 0 0 0 0 0 0 0 0 0 0 0 0 0 0 ] 77399.06057
[0 0 0 1 0 1.623127901 -0.5521388911 1.933475034 -1.435456995 2.735172082 0.586755813 0 0 0 0 0 0 0 0 0 0 -0.003776792546 0 0 0 0 0 0.01734561865 0 0 0 0 0 0 0 0.01445654228 0.00240192636 0 0 0 0 0 0 0 0 0 0 0 0 0 0 0 0 0 0 0 0 0 0 0 0 ] 44.03763416
[0 0 0 0 0 -199.9366075 -75.67593406 -37.89541488 106.7216728 -254.7708833 10.90062128 0 0 0 0 0 0 0 0 0 0 -0.6856856825 0 0 0 0 0 -1.418263835 1 0 0 0 0 0 0 -1.261036843 0.4313602569 0 0 0 0 0 0 0 0 0 0 0 0 0 0 0 0 0 0 0 0 0 0 0 0 ] 76899.28528
[0 0 0 0 0 -83.83158099 -28.05431995 -51.91392413 34.33066821 -140.1256693 0.3488839386 0 0 0 0 0 0 0 0 0 0 -0.5089875974 0 0 0 0 0 -0.8325539981 0 1 0 0 0 0 0 -1.037368608 -0.5428709337 0 0 0 0 0 0 0 0 0 0 0 0 0 0 0 0 0 0 0 0 0 0 0 0 ] 30946.45806
[0 0 0 0 0 13.18368475 -21.68278639 26.7779747 46.25439239 84.91645925 -67.48497768 0 0 0 0 0 0 0 0 0 0 0.3791129647 0 0 0 0 0 0.5961019941 0 0 1 0 0 0 0 -0.1520952567 -0.1606527552 0 0 0 0 0 0 0 0 0 0 0 0 0 0 0 0 0 0 0 0 0 0 0 0 ] 34250.57721
[0 0 0 0 0 -74.80239772 -6.96221612 -34.4162523 -1.031890095 -55.01956622 12.98005123 0 0 0 0 0 0 0 0 0 0 -0.934778909 0 0 0 0 0 -0.5115370064 0 0 0 1 0 0 0 0.04197326577 0.1939183807 0 0 0 0 0 0 0 0 0 0 0 0 0 0 0 0 0 0 0 0 0 0 0 0 ] 74366.28778
[0 0 0 0 0 -44.6510655 -120.4731232 -0.12632959 -58.52293441 -66.78229552 106.4200559 0 0 0 0 0 0 0 0 0 0 -0.8065474557 0 0 0 0 0 0.8360412041 0 0 0 0 1 0 0 -0.1135125607 0.7067856117 0 0 0 0 0 0 0 0 0 0 0 0 0 0 0 0 0 0 0 0 0 0 0 0 ] 48668.3848
[0 0 0 0 0 -118.763733 59.73175587 -141.6173533 171.9494955 -36.29293769 -129.8796804 0 0 0 0 0 0 0 0 0 0 0.7299377273 0 0 0 0 0 -1.12535666 0 0 0 0 0 1 0 -0.4660318326 -0.5499080172 0 0 0 0 0 0 0 0 0 0 0 0 0 0 0 0 0 0 0 0 0 0 0 0 ] 9251.915184
[0 0 0 0 0 77.80247378 -102.7552838 143.9595852 -179.6077461 172.0079338 23.50813522 0 0 0 0 0 0 0 0 0 0 -0.4943239026 0 0 0 0 0 1.14456925 0 0 0 0 0 0 1 0.3236054419 -0.05393279659 0 0 0 0 0 0 0 0 0 0 0 0 0 0 0 0 0 0 0 0 0 0 0 0 ] 50765.32818
[0 0 1 0 0 0.1775753257 0.4925821731 0.7407476751 0.03153183316 0.3941537365 -0.4638712048 0 0 0 0 0 0 0 0 0 0 -0.001710746269 0 0 0 0 0 -0.001802829749 0 0 0 0 0 0 0 0.007583057446 0.00104531168 0 0 0 0 0 0 0 0 0 0 0 0 0 0 0 0 0 0 0 0 0 0 0 0 ] 1.555080466
[0 0 0 0 1 -0.5412451999 -0.8450760822 -1.023921439 0.2319519804 -1.216552363 1.007572199 0 0 0 0 0 0 0 0 0 0 0 0 0 0 0 0 -0.004197362839 0 0 0 0 0 0 0 -0.008000988724 0.009898057484 0 0 0 0 0 0 0 0 0 0 0 0 0 0 0 0 0 0 0 0 0 0 0 0 ] 36.45168669
[0 0 0 0 0 206.6411844 24.99725158 110.73648 33.15597761 169.0586887 103.5028762 0 0 0 0 0 0 0 0 0 0 0.6134286964 0 0 0 0 0 0.5023723331 0 0 0 0 0 0 0 0.8098769051 0.6549121933 1 0 0 0 0 0 0 0 0 0 0 0 0 0 0 0 0 0 0 0 0 0 0 0 ] 58037.81024
[0 0 0 0 0 -82.6857967 -121.7792009 -41.14222033 -27.37580576 -146.7508047 31.31177802 0 0 0 0 0 0 0 0 0 0 -0.3526692525 0 0 0 0 0 -0.5712612516 0 0 0 0 0 0 0 -1.385557015 -0.1062086546 0 1 0 0 0 0 0 0 0 0 0 0 0 0 0 0 0 0 0 0 0 0 0 0 ] 58477.40163
[0 0 0 0 0 -178.3438063 12.80622517 -78.91924502 84.1195771 -280.9457714 -143.2236266 0 0 0 0 0 0 0 0 0 0 -0.4448481801 0 0 0 0 0 -1.557451671 0 0 0 0 0 0 0 -0.5669834693 -0.5513273841 0 0 1 0 0 0 0 0 0 0 0 0 0 0 0 0 0 0 0 0 0 0 0 0 ] 82929.62398
[0 0 0 0 0 121.4591874 -48.49289325 107.9809631 -155.6934371 32.25967326 49.80056459 0 0 0 0 0 0 0 0 0 0 -0.2018458799 0 0 0 0 0 0.705672431 0 0 0 0 0 0 0 0.579315222 -0.4822178158 0 0 0 1 0 0 0 0 0 0 0 0 0 0 0 0 0 0 0 0 0 0 0 0 ] 7842.733994
[0 0 0 0 0 -110.2972243 -101.893209 -247.3138213 -24.2682089 -306.1512714 82.72705115 0 0 0 0 0 0 0 0 0 0 0.1056172937 0 0 0 0 0 -0.5408332115 0 0 0 0 0 0 0 -1.681569545 0.4803479027 0 0 0 0 1 0 0 0 0 0 0 0 0 0 0 0 0 0 0 0 0 0 0 0 ] 40638.43853
[0 0 0 0 0 -10.45084172 82.77486703 -112.2640039 -50.20203377 -25.51100667 -110.7366245 0 0 0 0 0 0 0 0 0 0 0.2069922606 0 0 0 0 0 0.1450777945 0 0 0 0 0 0 0 -0.1719743496 -0.8788712028 0 0 0 0 0 1 0 0 0 0 0 0 0 0 0 0 0 0 0 0 0 0 0 0 ] 11162.07817
[0 0 0 0 0 -113.9725424 -15.06258087 -99.74387207 154.4366466 -135.1723708 -47.4609946 0 0 0 0 0 0 0 0 0 0 0.07173603246 0 0 0 0 0 -1.150400949 0 0 0 0 0 0 0 -0.7228123677 -0.1508497426 0 0 0 0 0 0 1 0 0 0 0 0 0 0 0 0 0 0 0 0 0 0 0 0 ] 15829.07602
[0 0 0 0 0 217.3004266 74.43011251 84.69368667 -72.61291747 110.5958844 85.62360282 0 0 0 0 0 0 0 0 0 0 -0.11300589 0 0 0 0 0 0.8822891498 0 0 0 0 0 0 0 1.283755374 0.4594477529 0 0 0 0 0 0 0 1 0 0 0 0 0 0 0 0 0 0 0 0 0 0 0 0 ] 56830.98418
[0 0 0 0 0 171.2350532 -149.5386133 101.365075 -132.8961818 273.3635419 18.47526631 0 0 0 0 0 0 0 0 0 0 0.3199465992 0 0 0 0 0 1.588672543 0 0 0 0 0 0 0 1.351107278 1.164532812 0 0 0 0 0 0 0 0 1 0 0 0 0 0 0 0 0 0 0 0 0 0 0 0 ] 103937.1757
[0 0 0 0 0 -14.59003994 84.72168744 41.10475023 118.675809 73.88610704 -200.3262979 0 0 0 0 0 0 0 0 0 0 0.9052789761 0 0 0 0 0 -0.4973419281 0 0 0 0 0 0 0 0.1780711785 -0.6434924317 0 0 0 0 0 0 0 0 0 1 0 0 0 0 0 0 0 0 0 0 0 0 0 0 ] 102229.3766
[0 0 0 0 0 -210.0149133 -104.215044 -208.6938332 119.8019869 -273.3518566 112.1749099 0 0 0 0 0 0 0 0 0 0 -0.1778282884 0 0 0 0 0 -1.107372843 0 0 0 0 0 0 0 -1.261192142 -0.04394281678 0 0 0 0 0 0 0 0 0 0 1 0 0 0 0 0 0 0 0 0 0 0 0 0 ] 81990.55286
[0 0 0 0 0 -231.7468202 -68.79696376 -165.0626866 71.74626563 -137.2706836 53.48697362 0 0 0 0 0 0 0 0 0 0 -0.5362486991 0 0 0 0 0 -0.6433505091 0 0 0 0 0 0 0 -0.8813453495 0.5857374354 0 0 0 0 0 0 0 0 0 0 0 1 0 0 0 0 0 0 0 0 0 0 0 0 ] 74115.98985
[0 0 0 0 0 27.20347556 27.44306513 -111.7256747 109.6702649 -61.72492076 -50.57456199 0 0 0 0 0 0 0 0 0 0 1.088508562 0 0 0 0 0 -0.745836622 0 0 0 0 0 0 0 -0.4178410685 1.091301083 0 0 0 0 0 0 0 0 0 0 0 0 1 0 0 0 0 0 0 0 0 0 0 0 ] 75300.69436
[0 0 0 0 0 34.23897158 -55.63085808 110.5025131 -45.57850287 146.9237722 18.16718996 0 0 0 0 0 0 0 0 0 0 -0.05946080701 0 0 0 0 0 0.6143443136 0 0 0 0 0 0 0 1.09551579 0.6412001956 0 0 0 0 0 0 0 0 0 0 0 0 0 1 0 0 0 0 0 0 0 0 0 0 ] 21550.16299
[0 0 0 0 0 111.1602687 -53.1533386 99.13543351 -86.86000322 144.5507762 150.4891196 0 0 0 0 0 0 0 0 0 0 -0.6492377277 0 0 0 0 0 1.246846095 0 0 0 0 0 0 0 0.953671232 0.7337795887 0 0 0 0 0 0 0 0 0 0 0 0 0 0 1 0 0 0 0 0 0 0 0 0 ] 53846.27402
[0 0 0 0 0 -101.0359666 237.7668562 -144.5573191 213.6096104 -38.95225604 -235.7434796 0 0 0 0 0 0 0 0 0 0 0.7184859953 0 0 0 0 0 -1.031067125 0 0 0 0 0 0 0 -0.2814405958 -1.012347003 0 0 0 0 0 0 0 0 0 0 0 0 0 0 0 1 0 0 0 0 0 0 0 0 ] 18001.88583
[0 0 0 0 0 -39.95392226 -96.21641191 -19.69060277 -78.56875705 -63.37520158 45.10288664 0 0 0 0 0 0 0 0 0 0 -0.599386278 0 0 0 0 0 -0.4032250773 0 0 0 0 0 0 0 -0.500152116 -0.3180066817 0 0 0 0 0 0 0 0 0 0 0 0 0 0 0 0 1 0 0 0 0 0 0 0 ] 13524.73933
[0 0 0 0 0 -98.71086321 59.33269685 -207.5861858 103.2947872 -280.7327421 -50.90378012 0 0 0 0 0 0 0 0 0 0 0.8148315241 0 0 0 0 0 -1.538913782 0 0 0 0 0 0 0 -1.635492954 0.6577313862 0 0 0 0 0 0 0 0 0 0 0 0 0 0 0 0 0 1 0 0 0 0 0 0 ] 50985.75079
[0 0 0 0 0 60.7701184 -57.11945189 101.0051261 -167.9329423 187.02092 110.4539537 0 0 0 0 0 0 0 0 0 0 0.00716021075 0 0 0 0 0 1.377006648 0 0 0 0 0 0 0 0.6073144017 0.01050934191 0 0 0 0 0 0 0 0 0 0 0 0 0 0 0 0 0 0 1 0 0 0 0 0 ] 53862.00279
[0 0 0 0 0 -53.66542085 -45.904386 -20.66045374 -51.13039819 -35.77561111 127.390473 0 0 0 0 0 0 0 0 0 0 -0.3084152737 0 0 0 0 0 0.5192390613 0 0 0 0 0 0 0 -0.3672002714 0.9713069811 0 0 0 0 0 0 0 0 0 0 0 0 0 0 0 0 0 0 0 1 0 0 0 0 ] 67224.97223
[0 0 0 0 0 300.8213147 0.2664866698 98.08296977 -60.51565363 440.8370296 101.6897523 0 0 0 0 0 0 0 0 0 0 0.5323158623 0 0 0 0 0 2.03674016 0 0 0 0 0 0 0 1.395121711 0.1384658945 0 0 0 0 0 0 0 0 0 0 0 0 0 0 0 0 0 0 0 0 1 0 0 0 ] 101713.2872
[0 0 0 0 0 321.7136968 65.81770052 187.4304971 13.64749235 389.4657405 19.51800904 0 0 0 0 0 0 0 0 0 0 0.3947173978 0 0 0 0 0 1.658365414 0 0 0 0 0 0 0 2.24925616 0.3258735642 0 0 0 0 0 0 0 0 0 0 0 0 0 0 0 0 0 0 0 0 0 1 0 0 ] 78355.30439
[0 0 0 0 0 219.3680392 -37.0986988 235.5890803 -75.79330907 279.0276428 -2.446714306 0 0 0 0 0 0 0 0 0 0 0.1005132783 0 0 0 0 0 1.103792163 0 0 0 0 0 0 0 1.480148506 1.240617356 0 0 0 0 0 0 0 0 0 0 0 0 0 0 0 0 0 0 0 0 0 0 1 0 ] 47460.86993
[0 0 0 0 0 158.9181727 162.5183591 46.79151954 -92.02538241 218.32036 -56.89954806 0 0 0 0 0 0 0 0 0 0 0.4358698897 0 0 0 0 0 0.6516040576 0 0 0 0 0 0 0 1.429474691 -0.6729884564 0 0 0 0 0 0 0 0 0 0 0 0 0 0 0 0 0 0 0 0 0 0 0 1 ] 59849.55282
[0 0 0 0 0 1 0 0 0 0 0 0 0 0 0 0 0 0 0 0 0 0 0 0 0 0 0 0 0 0 0 0 0 0 0 0 0 0 0 0 0 0 0 0 0 0 0 0 0 0 0 0 0 0 0 0 0 0 0 0 0 ] 0
[0 0 0 0 0 0 1 0 0 0 0 0 0 0 0 0 0 0 0 0 0 0 0 0 0 0 0 0 0 0 0 0 0 0 0 0 0 0 0 0 0 0 0 0 0 0 0 0 0 0 0 0 0 0 0 0 0 0 0 0 0 ] 0
[0 0 0 0 0 0 0 1 0 0 0 0 0 0 0 0 0 0 0 0 0 0 0 0 0 0 0 0 0 0 0 0 0 0 0 0 0 0 0 0 0 0 0 0 0 0 0 0 0 0 0 0 0 0 0 0 0 0 0 0 0 ] 0
[0 0 0 0 0 0 0 0 1 0 0 0 0 0 0 0 0 0 0 0 0 0 0 0 0 0 0 0 0 0 0 0 0 0 0 0 0 0 0 0 0 0 0 0 0 0 0 0 0 0 0 0 0 0 0 0 0 0 0 0 0 ] 0
[0 0 0 0 0 0 0 0 0 1 0 0 0 0 0 0 0 0 0 0 0 0 0 0 0 0 0 0 0 0 0 0 0 0 0 0 0 0 0 0 0 0 0 0 0 0 0 0 0 0 0 0 0 0 0 0 0 0 0 0 0 ] 0
[0 0 0 0 0 0 0 0 0 0 1 0 0 0 0 0 0 0 0 0 0 0 0 0 0 0 0 0 0 0 0 0 0 0 0 0 0 0 0 0 0 0 0 0 0 0 0 0 0 0 0 0 0 0 0 0 0 0 0 0 0 ] 0
[0 0 0 0 0 0 0 0 0 0 0 0 0 0 0 0 0 0 0 0 0 1 0 0 0 0 0 0 0 0 0 0 0 0 0 0 0 0 0 0 0 0 0 0 0 0 0 0 0 0 0 0 0 0 0 0 0 0 0 0 0 ] 0
[0 0 0 0 0 0 0 0 0 0 0 0 0 0 0 0 0 0 0 0 0 0 0 0 0 0 0 1 0 0 0 0 0 0 0 0 0 0 0 0 0 0 0 0 0 0 0 0 0 0 0 0 0 0 0 0 0 0 0 0 0 ] 0
[0 0 0 0 0 0 0 0 0 0 0 0 0 0 0 0 0 0 0 0 0 0 0 0 0 0 0 0 0 0 0 0 0 0 0 1 0 0 0 0 0 0 0 0 0 0 0 0 0 0 0 0 0 0 0 0 0 0 0 0 0 ] 0
[0 0 0 0 0 0 0 0 0 0 0 0 0 0 0 0 0 0 0 0 0 0 0 0 0 0 0 0 0 0 0 0 0 0 0 0 1 0 0 0 0 0 0 0 0 0 0 0 0 0 0 0 0 0 0 0 0 0 0 0 0 ] 0
before solve equation

SolveEquation step 0
SolveEquation step 1
SolveEquation step 2
SolveEquation step 3
SolveEquation step 4
SolveEquation step 5
SolveEquation step 6
SolveEquation step 7
SolveEquation step 8
SolveEquation step 9
SolveEquation step 10
SolveEquation step 11
SolveEquation step 12
SolveEquation step 13
SolveEquation step 14
SolveEquation step 15
SolveEquation step 16
SolveEquation step 17
SolveEquation step 18
SolveEquation step 19
SolveEquation step 20
SolveEquation step 21
SolveEquation step 22
SolveEquation step 23
SolveEquation step 24
SolveEquation step 25
SolveEquation step 26
SolveEquation step 27
SolveEquation step 28
SolveEquation step 29
SolveEquation step 30
SolveEquation step 31
SolveEquation step 32
SolveEquation step 33
SolveEquation step 34
SolveEquation step 35
SolveEquation step 36
SolveEquation step 37
SolveEquation step 38
SolveEquation step 39
SolveEquation step 40
SolveEquation step 41
SolveEquation step 42
SolveEquation step 43
SolveEquation step 44
SolveEquation step 45
SolveEquation step 46
SolveEquation step 47
SolveEquation step 48
SolveEquation step 49
SolveEquation step 50
SolveEquation step 51
SolveEquation step 52
SolveEquation step 53
SolveEquation step 54
SolveEquation step 55
SolveEquation step 56
SolveEquation step 57
SolveEquation step 58
SolveEquation step 59
SolveEquation step 60
after Solve, new A b: 62X61
[1 0 0 0 0 0 0 0 0 0 0 0 0 0 0 0 0 0 0 0 0 0 0 0 0 0 0 0 0 0 0 0 0 0 0 0 0 0 0 0 0 0 0 0 0 0 0 0 0 0 0 0 0 0 0 0 0 0 0 0 0 ] 3061.675508
[0 1 0 0 0 0 0 0 0 0 0 0 0 0 0 0 0 0 0 0 0 0 0 0 0 0 0 0 0 0 0 0 0 0 0 0 0 0 0 0 0 0 0 0 0 0 0 0 0 0 0 0 0 0 0 0 0 0 0 0 0 ] 98.37852555
[0 0 1 0 0 0 0 0 0 0 0 0 0 0 0 0 0 0 0 0 0 0 0 0 0 0 0 0 0 0 0 0 0 0 0 0 0 0 0 0 0 0 0 0 0 0 0 0 0 0 0 0 0 0 0 0 0 0 0 0 0 ] 1.555080466
[0 0 0 1 0 0 0 0 0 0 0 0 0 0 0 0 0 0 0 0 0 0 0 0 0 0 0 0 0 0 0 0 0 0 0 0 0 0 0 0 0 0 0 0 0 0 0 0 0 0 0 0 0 0 0 0 0 0 0 0 0 ] 44.03763416
[0 0 0 0 1 0 0 0 0 0 0 0 0 0 0 0 0 0 0 0 0 0 0 0 0 0 0 0 0 0 0 0 0 0 0 0 0 0 0 0 0 0 0 0 0 0 0 0 0 0 0 0 0 0 0 0 0 0 0 0 0 ] 36.45168669
[0 0 0 0 0 1 0 0 0 0 0 0 0 0 0 0 0 0 0 0 0 0 0 0 0 0 0 0 0 0 0 0 0 0 0 0 0 0 0 0 0 0 0 0 0 0 0 0 0 0 0 0 0 0 0 0 0 0 0 0 0 ] 4.783906852e-011
[0 0 0 0 0 0 1 0 0 0 0 0 0 0 0 0 0 0 0 0 0 0 0 0 0 0 0 0 0 0 0 0 0 0 0 0 0 0 0 0 0 0 0 0 0 0 0 0 0 0 0 0 0 0 0 0 0 0 0 0 0 ] -1.038224243e-013
[0 0 0 0 0 0 0 1 0 0 0 0 0 0 0 0 0 0 0 0 0 0 0 0 0 0 0 0 0 0 0 0 0 0 0 0 0 0 0 0 0 0 0 0 0 0 0 0 0 0 0 0 0 0 0 0 0 0 0 0 0 ] 0
[0 0 0 0 0 0 0 0 1 0 0 0 0 0 0 0 0 0 0 0 0 0 0 0 0 0 0 0 0 0 0 0 0 0 0 0 0 0 0 0 0 0 0 0 0 0 0 0 0 0 0 0 0 0 0 0 0 0 0 0 0 ] 0
[0 0 0 0 0 0 0 0 0 1 0 0 0 0 0 0 0 0 0 0 0 0 0 0 0 0 0 0 0 0 0 0 0 0 0 0 0 0 0 0 0 0 0 0 0 0 0 0 0 0 0 0 0 0 0 0 0 0 0 0 0 ] 0
[0 0 0 0 0 0 0 0 0 0 1 -0 -0 -0 -0 0 0 0 0 0 0 0 0 0 0 0 0 0 0 0 0 0 0 0 0 0 0 0 0 0 0 0 0 0 0 0 0 0 0 0 0 0 0 0 0 0 0 0 0 0 0 ] -2.205555338e-014
[0 0 0 0 0 0 0 0 0 0 0 1 0 0 0 0 0 0 0 0 0 0 0 0 0 0 0 0 0 0 0 0 0 0 0 0 0 0 0 0 0 0 0 0 0 0 0 0 0 0 0 0 0 0 0 0 0 0 0 0 0 ] 54592.76247
[0 0 0 0 0 0 0 0 0 0 0 0 1 0 0 0 0 0 0 0 0 0 0 0 0 0 0 0 0 0 0 0 0 0 0 0 0 0 0 0 0 0 0 0 0 0 0 0 0 0 0 0 0 0 0 0 0 0 0 0 0 ] 105607.0928
[0 0 0 0 0 0 0 0 0 0 0 0 0 1 0 0 0 0 0 0 0 0 0 0 0 0 0 0 0 0 0 0 0 0 0 0 0 0 0 0 0 0 0 0 0 0 0 0 0 0 0 0 0 0 0 0 0 0 0 0 0 ] 8592.191909
[0 0 0 0 0 0 0 0 0 0 0 0 0 0 1 0 0 0 0 0 0 0 0 0 0 0 0 0 0 0 0 0 0 0 0 0 0 0 0 0 0 0 0 0 0 0 0 0 0 0 0 0 0 0 0 0 0 0 0 0 0 ] 53748.12623
[0 0 0 0 0 0 0 0 0 0 0 0 0 0 0 1 0 0 0 0 0 0 0 0 0 0 0 0 0 0 0 0 0 0 0 0 0 0 0 0 0 0 0 0 0 0 0 0 0 0 0 0 0 0 0 0 0 0 0 0 0 ] 44408.04826
[0 0 0 0 0 0 0 0 0 0 0 0 0 0 0 0 1 0 0 0 0 0 0 0 0 0 0 0 0 0 0 0 0 0 0 0 0 0 0 0 0 0 0 0 0 0 0 0 0 0 0 0 0 0 0 0 0 0 0 0 0 ] 21751.6802
[0 0 0 0 0 0 0 0 0 0 0 0 0 0 0 0 0 1 0 0 0 0 0 0 0 0 0 0 0 0 0 0 0 0 0 0 0 0 0 0 0 0 0 0 0 0 0 0 0 0 0 0 0 0 0 0 0 0 0 0 0 ] 13950.53065
[0 0 0 0 0 0 0 0 0 0 0 0 0 0 0 0 0 0 1 0 0 0 0 0 0 0 0 0 0 0 0 0 0 0 0 0 0 0 0 0 0 0 0 0 0 0 0 0 0 0 0 0 0 0 0 0 0 0 0 0 0 ] 61013.40342
[0 0 0 0 0 0 0 0 0 0 0 0 0 0 0 0 0 0 0 1 0 0 0 0 0 0 0 0 0 0 0 0 0 0 0 0 0 0 0 0 0 0 0 0 0 0 0 0 0 0 0 0 0 0 0 0 0 0 0 0 0 ] 65231.03137
[0 0 0 0 0 0 0 0 0 0 0 0 0 0 0 0 0 0 0 0 1 0 0 0 0 0 0 0 0 0 0 0 0 0 0 0 0 0 0 0 0 0 0 0 0 0 0 0 0 0 0 0 0 0 0 0 0 0 0 0 0 ] 82.51409804
[0 0 0 0 0 0 0 0 0 0 0 0 0 0 0 0 0 0 0 0 0 1 -0 0 0 0 0 0 0 0 0 0 0 0 0 0 0 0 0 0 0 0 0 0 0 0 0 0 0 0 0 0 0 0 0 0 0 0 0 0 0 ] 0
[0 0 0 0 0 0 0 0 0 0 0 0 0 0 0 0 0 0 0 0 0 0 1 0 0 0 0 0 0 0 0 0 0 0 0 0 0 0 0 0 0 0 0 0 0 0 0 0 0 0 0 0 0 0 0 0 0 0 0 0 0 ] 75360.37687
[0 0 0 0 0 0 0 0 0 0 0 0 0 0 0 0 0 0 0 0 0 0 0 1 0 0 0 0 0 0 0 0 0 0 0 0 0 0 0 0 0 0 0 0 0 0 0 0 0 0 0 0 0 0 0 0 0 0 0 0 0 ] 9203.421364
[0 0 0 0 0 0 0 0 0 0 0 0 0 0 0 0 0 0 0 0 0 0 0 0 1 0 0 0 0 0 0 0 0 0 0 0 0 0 0 0 0 0 0 0 0 0 0 0 0 0 0 0 0 0 0 0 0 0 0 0 0 ] 67892.85816
[0 0 0 0 0 0 0 0 0 0 0 0 0 0 0 0 0 0 0 0 0 0 0 0 0 1 0 0 0 0 0 0 0 0 0 0 0 0 0 0 0 0 0 0 0 0 0 0 0 0 0 0 0 0 0 0 0 0 0 0 0 ] 68353.99815
[0 0 0 0 0 0 0 0 0 0 0 0 0 0 0 0 0 0 0 0 0 0 0 0 0 0 1 0 0 0 0 0 0 0 0 0 0 0 0 0 0 0 0 0 0 0 0 0 0 0 0 0 0 0 0 0 0 0 0 0 0 ] 77399.06057
[0 0 0 0 0 0 0 0 0 0 0 0 0 0 0 0 0 0 0 0 0 0 0 0 0 0 0 1 0 0 0 0 0 0 0 0 0 0 0 0 0 0 0 0 0 0 0 0 0 0 0 0 0 0 0 0 0 0 0 0 0 ] 0
[0 0 0 0 0 0 0 0 0 0 0 0 0 0 0 0 0 0 0 0 0 0 0 0 0 0 0 0 1 0 0 0 0 0 0 0 0 0 0 0 0 0 0 0 0 0 0 0 0 0 0 0 0 0 0 0 0 0 0 0 0 ] 76899.28528
[0 0 0 0 0 0 0 0 0 0 0 0 0 0 0 0 0 0 0 0 0 0 0 0 0 0 0 0 0 1 0 0 0 0 0 0 0 0 0 0 0 0 0 0 0 0 0 0 0 0 0 0 0 0 0 0 0 0 0 0 0 ] 30946.45806
[0 0 0 0 0 0 0 0 0 0 0 0 0 0 0 0 0 0 0 0 0 0 0 0 0 0 0 0 0 0 1 0 0 0 0 0 0 0 0 0 0 0 0 0 0 0 0 0 0 0 0 0 0 0 0 0 0 0 0 0 0 ] 34250.57721
[0 0 0 0 0 0 0 0 0 0 0 0 0 0 0 0 0 0 0 0 0 0 0 0 0 0 0 0 0 0 0 1 0 0 0 0 0 0 0 0 0 0 0 0 0 0 0 0 0 0 0 0 0 0 0 0 0 0 0 0 0 ] 74366.28778
[0 0 0 0 0 0 0 0 0 0 0 0 0 0 0 0 0 0 0 0 0 0 0 0 0 0 0 0 0 0 0 0 1 0 0 0 0 0 0 0 0 0 0 0 0 0 0 0 0 0 0 0 0 0 0 0 0 0 0 0 0 ] 48668.3848
[0 0 0 0 0 0 0 0 0 0 0 0 0 0 0 0 0 0 0 0 0 0 0 0 0 0 0 0 0 0 0 0 0 1 0 0 0 0 0 0 0 0 0 0 0 0 0 0 0 0 0 0 0 0 0 0 0 0 0 0 0 ] 9251.915184
[0 0 0 0 0 0 0 0 0 0 0 0 0 0 0 0 0 0 0 0 0 0 0 0 0 0 0 0 0 0 0 0 0 0 1 0 0 0 0 0 0 0 0 0 0 0 0 0 0 0 0 0 0 0 0 0 0 0 0 0 0 ] 50765.32818
[0 0 0 0 0 0 0 0 0 0 0 0 0 0 0 0 0 0 0 0 0 0 0 0 0 0 0 0 0 0 0 0 0 0 0 1 0 0 0 0 0 0 0 0 0 0 0 0 0 0 0 0 0 0 0 0 0 0 0 0 0 ] 0
[0 0 0 0 0 0 0 0 0 0 0 0 0 0 0 0 0 0 0 0 0 0 0 0 0 0 0 0 0 0 0 0 0 0 0 0 1 0 0 0 0 0 0 0 0 0 0 0 0 0 0 0 0 0 0 0 0 0 0 0 0 ] 0
[0 0 0 0 0 0 0 0 0 0 0 0 0 0 0 0 0 0 0 0 0 0 0 0 0 0 0 0 0 0 0 0 0 0 0 0 0 1 0 0 0 0 0 0 0 0 0 0 0 0 0 0 0 0 0 0 0 0 0 0 0 ] 58037.81024
[0 0 0 0 0 0 0 0 0 0 0 0 0 0 0 0 0 0 0 0 0 0 0 0 0 0 0 0 0 0 0 0 0 0 0 0 0 0 1 0 0 0 0 0 0 0 0 0 0 0 0 0 0 0 0 0 0 0 0 0 0 ] 58477.40163
[0 0 0 0 0 0 0 0 0 0 0 0 0 0 0 0 0 0 0 0 0 0 0 0 0 0 0 0 0 0 0 0 0 0 0 0 0 0 0 1 0 0 0 0 0 0 0 0 0 0 0 0 0 0 0 0 0 0 0 0 0 ] 82929.62398
[0 0 0 0 0 0 0 0 0 0 0 0 0 0 0 0 0 0 0 0 0 0 0 0 0 0 0 0 0 0 0 0 0 0 0 0 0 0 0 0 1 0 0 0 0 0 0 0 0 0 0 0 0 0 0 0 0 0 0 0 0 ] 7842.733993
[0 0 0 0 0 0 0 0 0 0 0 0 0 0 0 0 0 0 0 0 0 0 0 0 0 0 0 0 0 0 0 0 0 0 0 0 0 0 0 0 0 1 0 0 0 0 0 0 0 0 0 0 0 0 0 0 0 0 0 0 0 ] 40638.43853
[0 0 0 0 0 0 0 0 0 0 0 0 0 0 0 0 0 0 0 0 0 0 0 0 0 0 0 0 0 0 0 0 0 0 0 0 0 0 0 0 0 0 1 0 0 0 0 0 0 0 0 0 0 0 0 0 0 0 0 0 0 ] 11162.07817
[0 0 0 0 0 0 0 0 0 0 0 0 0 0 0 0 0 0 0 0 0 0 0 0 0 0 0 0 0 0 0 0 0 0 0 0 0 0 0 0 0 0 0 1 0 0 0 0 0 0 0 0 0 0 0 0 0 0 0 0 0 ] 15829.07602
[0 0 0 0 0 0 0 0 0 0 0 0 0 0 0 0 0 0 0 0 0 0 0 0 0 0 0 0 0 0 0 0 0 0 0 0 0 0 0 0 0 0 0 0 1 0 0 0 0 0 0 0 0 0 0 0 0 0 0 0 0 ] 56830.98418
[0 0 0 0 0 0 0 0 0 0 0 0 0 0 0 0 0 0 0 0 0 0 0 0 0 0 0 0 0 0 0 0 0 0 0 0 0 0 0 0 0 0 0 0 0 1 0 0 0 0 0 0 0 0 0 0 0 0 0 0 0 ] 103937.1757
[0 0 0 0 0 0 0 0 0 0 0 0 0 0 0 0 0 0 0 0 0 0 0 0 0 0 0 0 0 0 0 0 0 0 0 0 0 0 0 0 0 0 0 0 0 0 1 0 0 0 0 0 0 0 0 0 0 0 0 0 0 ] 102229.3766
[0 0 0 0 0 0 0 0 0 0 0 0 0 0 0 0 0 0 0 0 0 0 0 0 0 0 0 0 0 0 0 0 0 0 0 0 0 0 0 0 0 0 0 0 0 0 0 1 0 0 0 0 0 0 0 0 0 0 0 0 0 ] 81990.55286
[0 0 0 0 0 0 0 0 0 0 0 0 0 0 0 0 0 0 0 0 0 0 0 0 0 0 0 0 0 0 0 0 0 0 0 0 0 0 0 0 0 0 0 0 0 0 0 0 1 0 0 0 0 0 0 0 0 0 0 0 0 ] 74115.98985
[0 0 0 0 0 0 0 0 0 0 0 0 0 0 0 0 0 0 0 0 0 0 0 0 0 0 0 0 0 0 0 0 0 0 0 0 0 0 0 0 0 0 0 0 0 0 0 0 0 1 0 0 0 0 0 0 0 0 0 0 0 ] 75300.69436
[0 0 0 0 0 0 0 0 0 0 0 0 0 0 0 0 0 0 0 0 0 0 0 0 0 0 0 0 0 0 0 0 0 0 0 0 0 0 0 0 0 0 0 0 0 0 0 0 0 0 1 0 0 0 0 0 0 0 0 0 0 ] 21550.16299
[0 0 0 0 0 0 0 0 0 0 0 0 0 0 0 0 0 0 0 0 0 0 0 0 0 0 0 0 0 0 0 0 0 0 0 0 0 0 0 0 0 0 0 0 0 0 0 0 0 0 0 1 0 0 0 0 0 0 0 0 0 ] 53846.27402
[0 0 0 0 0 0 0 0 0 0 0 0 0 0 0 0 0 0 0 0 0 0 0 0 0 0 0 0 0 0 0 0 0 0 0 0 0 0 0 0 0 0 0 0 0 0 0 0 0 0 0 0 1 0 0 0 0 0 0 0 0 ] 18001.88583
[0 0 0 0 0 0 0 0 0 0 0 0 0 0 0 0 0 0 0 0 0 0 0 0 0 0 0 0 0 0 0 0 0 0 0 0 0 0 0 0 0 0 0 0 0 0 0 0 0 0 0 0 0 1 0 0 0 0 0 0 0 ] 13524.73933
[0 0 0 0 0 0 0 0 0 0 0 0 0 0 0 0 0 0 0 0 0 0 0 0 0 0 0 0 0 0 0 0 0 0 0 0 0 0 0 0 0 0 0 0 0 0 0 0 0 0 0 0 0 0 1 0 0 0 0 0 0 ] 50985.75079
[0 0 0 0 0 0 0 0 0 0 0 0 0 0 0 0 0 0 0 0 0 0 0 0 0 0 0 0 0 0 0 0 0 0 0 0 0 0 0 0 0 0 0 0 0 0 0 0 0 0 0 0 0 0 0 1 0 0 0 0 0 ] 53862.00279
[0 0 0 0 0 0 0 0 0 0 0 0 0 0 0 0 0 0 0 0 0 0 0 0 0 0 0 0 0 0 0 0 0 0 0 0 0 0 0 0 0 0 0 0 0 0 0 0 0 0 0 0 0 0 0 0 1 0 0 0 0 ] 67224.97223
[0 0 0 0 0 0 0 0 0 0 0 0 0 0 0 0 0 0 0 0 0 0 0 0 0 0 0 0 0 0 0 0 0 0 0 0 0 0 0 0 0 0 0 0 0 0 0 0 0 0 0 0 0 0 0 0 0 1 0 0 0 ] 101713.2872
[0 0 0 0 0 0 0 0 0 0 0 0 0 0 0 0 0 0 0 0 0 0 0 0 0 0 0 0 0 0 0 0 0 0 0 0 0 0 0 0 0 0 0 0 0 0 0 0 0 0 0 0 0 0 0 0 0 0 1 0 0 ] 78355.30439
[0 0 0 0 0 0 0 0 0 0 0 0 0 0 0 0 0 0 0 0 0 0 0 0 0 0 0 0 0 0 0 0 0 0 0 0 0 0 0 0 0 0 0 0 0 0 0 0 0 0 0 0 0 0 0 0 0 0 0 1 0 ] 47460.86993
[0 0 0 0 0 0 0 0 0 0 0 0 0 0 0 0 0 0 0 0 0 0 0 0 0 0 0 0 0 0 0 0 0 0 0 0 0 0 0 0 0 0 0 0 0 0 0 0 0 0 0 0 0 0 0 0 0 0 0 0 1 ] 59849.55282
[0 0 0 0 0 0 0 0 0 0 0 0 0 0 0 0 0 0 0 0 0 0 0 0 0 0 0 0 0 0 0 0 0 0 0 0 0 0 0 0 0 0 0 0 0 0 0 0 0 0 0 0 0 0 0 0 0 0 0 0 0 ] -44.03763416
No solution
